Log file open, 01/14/19 08:43:43
LogWindows: Failed to load 'aqProf.dll' (GetLastError=126)
LogWindows: File 'aqProf.dll' does not exist
LogWindows: Failed to load 'VtuneApi.dll' (GetLastError=126)
LogWindows: File 'VtuneApi.dll' does not exist
LogWindows: Failed to load 'VtuneApi32e.dll' (GetLastError=126)
LogWindows: File 'VtuneApi32e.dll' does not exist
LogInit: Display: Running engine for game: WhiteBox
LogPlatformFile: Not using cached read wrapper
LogTaskGraph: Started task graph with 5 named threads and 23 total threads with 3 sets of task threads.
LogStats: Stats thread started at 0.283838
LogD3D11RHI: Loaded GFSDK_Aftermath_Lib.x64.dll
LogICUInternationalization: Display: ICU TimeZone Detection - Raw Offset: -7:00, Platform Override: ''
LogPluginManager: Mounting plugin Paper2D
LogPluginManager: Mounting plugin AISupport
LogPluginManager: Mounting plugin LightPropagationVolume
LogPluginManager: Mounting plugin CLionSourceCodeAccess
LogPluginManager: Mounting plugin CodeLiteSourceCodeAccess
LogPluginManager: Mounting plugin GitSourceControl
LogPluginManager: Mounting plugin KDevelopSourceCodeAccess
LogPluginManager: Mounting plugin NullSourceCodeAccess
LogPluginManager: Mounting plugin PerforceSourceControl
LogPluginManager: Mounting plugin SubversionSourceControl
LogPluginManager: Mounting plugin UObjectPlugin
LogPluginManager: Mounting plugin VisualStudioCodeSourceCodeAccess
LogPluginManager: Mounting plugin VisualStudioSourceCodeAccess
LogPluginManager: Mounting plugin XCodeSourceCodeAccess
LogPluginManager: Mounting plugin AssetManagerEditor
LogPluginManager: Mounting plugin CryptoKeys
LogPluginManager: Mounting plugin DataValidation
LogPluginManager: Mounting plugin FacialAnimation
LogPluginManager: Mounting plugin GameplayTagsEditor
LogPluginManager: Mounting plugin MacGraphicsSwitching
LogPluginManager: Mounting plugin MeshEditor
LogPluginManager: Mounting plugin MobileLauncherProfileWizard
LogPluginManager: Mounting plugin PluginBrowser
LogPluginManager: Mounting plugin SpeedTreeImporter
LogPluginManager: Mounting plugin DatasmithContent
LogPluginManager: Mounting plugin AlembicImporter
LogPluginManager: Mounting plugin AppleImageUtils
LogPluginManager: Mounting plugin AppleVision
LogPluginManager: Mounting plugin BackChannel
LogPluginManager: Mounting plugin CharacterAI
LogPluginManager: Mounting plugin GeometryCache
LogPluginManager: Mounting plugin HTML5Networking
LogPluginManager: Mounting plugin ProxyLODPlugin
LogPluginManager: Mounting plugin MagicLeap
LogPluginManager: Mounting plugin MagicLeapEmulator
LogPluginManager: Mounting plugin MagicLeapMedia
LogPluginManager: Mounting plugin AndroidMedia
LogPluginManager: Mounting plugin AvfMedia
LogPluginManager: Mounting plugin ImgMedia
LogPluginManager: Mounting plugin LinearTimecode
LogPluginManager: Mounting plugin MediaCompositing
LogPluginManager: Mounting plugin MediaPlayerEditor
LogPluginManager: Mounting plugin WmfMedia
LogPluginManager: Mounting plugin TcpMessaging
LogPluginManager: Mounting plugin UdpMessaging
LogPluginManager: Mounting plugin ActorSequence
LogPluginManager: Mounting plugin LevelSequenceEditor
LogPluginManager: Mounting plugin MatineeToLevelSequence
LogPluginManager: Mounting plugin NetcodeUnitTest
LogPluginManager: Mounting plugin NUTUnrealEngine4
LogPluginManager: Mounting plugin OnlineSubsystemGooglePlay
LogPluginManager: Mounting plugin OnlineSubsystemIOS
LogPluginManager: Mounting plugin OnlineSubsystem
LogPluginManager: Mounting plugin OnlineSubsystemNull
LogPluginManager: Mounting plugin OnlineSubsystemUtils
LogPluginManager: Mounting plugin LauncherChunkInstaller
LogPluginManager: Mounting plugin AndroidDeviceProfileSelector
LogPluginManager: Mounting plugin AndroidMoviePlayer
LogPluginManager: Mounting plugin AndroidPermission
LogPluginManager: Mounting plugin AppleMoviePlayer
LogPluginManager: Mounting plugin ArchVisCharacter
LogPluginManager: Mounting plugin AudioCapture
LogPluginManager: Mounting plugin CableComponent
LogPluginManager: Mounting plugin CustomMeshComponent
LogPluginManager: Mounting plugin EditableMesh
LogPluginManager: Mounting plugin ExampleDeviceProfileSelector
LogPluginManager: Mounting plugin GoogleCloudMessaging
LogPluginManager: Mounting plugin ImmediatePhysics
LogPluginManager: Mounting plugin IOSDeviceProfileSelector
LogPluginManager: Mounting plugin LinuxDeviceProfileSelector
LogPluginManager: Mounting plugin LocationServicesBPLibrary
LogPluginManager: Mounting plugin MobilePatchingUtils
LogPluginManager: Mounting plugin OculusVR
LogPluginManager: Plugin shader directory ../../../Engine/Plugins/Runtime/Oculus/OculusVR/Shaders found
LogPluginManager: Mapping shader source directory ../../../Engine/Plugins/Runtime/Oculus/OculusVR/Shaders to virtual directory /Plugin/OculusVR
LogPluginManager: Mounting plugin PhysXVehicles
LogPluginManager: Mounting plugin ProceduralMeshComponent
LogPluginManager: Mounting plugin RuntimePhysXCooking
LogPluginManager: Mounting plugin SteamVR
LogPluginManager: Mounting plugin WindowsMoviePlayer
LogStreaming: Display: Took  0.099s to configure plugins.
LogInit: Using libcurl 7.55.1-DEV
LogInit:  - built for x86_64-pc-win32
LogInit:  - supports SSL with OpenSSL/1.0.2h
LogInit:  - supports HTTP deflate (compression) using libz 1.2.8
LogInit:  - other features:
LogInit:      CURL_VERSION_SSL
LogInit:      CURL_VERSION_LIBZ
LogInit:      CURL_VERSION_IPV6
LogInit:      CURL_VERSION_ASYNCHDNS
LogInit:      CURL_VERSION_LARGEFILE
LogInit:      CURL_VERSION_IDN
LogInit:  CurlRequestOptions (configurable via config and command line):
LogInit:  - bVerifyPeer = false  - Libcurl will NOT verify peer certificate
LogInit:  - bUseHttpProxy = false  - Libcurl will NOT use HTTP proxy
LogInit:  - bDontReuseConnections = false  - Libcurl will reuse connections
LogInit:  - CertBundlePath = nullptr  - Libcurl will use whatever was configured at build time.
LogInit:  - MaxHostConnections = 16  - Libcurl will limit the number of connections to a host
LogInit:  - LocalHostAddr = Default
LogInit:  - BufferSize = 65536
LogInit: WinSock: version 1.1 (2.2), MaxSocks=32767, MaxUdp=65467
LogInit: Build: ++UE4+Release-4.20-CL-4369336
LogInit: Engine Version: 4.20.3-4369336+++UE4+Release-4.20
LogInit: Compatible Engine Version: 4.20.0-4212847+++UE4+Release-4.20
LogInit: Net CL: 4212847
LogInit: OS: Windows 10 (), CPU: Intel(R) Core(TM) i7-8809G CPU @ 3.10GHz, GPU: Radeon RX Vega M GH Graphics
LogInit: Compiled (64-bit): Sep 17 2018 12:26:19
LogInit: Compiled with Visual C++: 19.13.26129.00
LogInit: Build Configuration: Development
LogInit: Branch Name: ++UE4+Release-4.20
LogInit: Command Line: -EpicPortal  -epicusername="Isabeara" -epicuserid=69f089caf4a74d59bc76805f98ccf539 -epiclocale=en-US
LogInit: Base Directory: C:/Program Files/Epic Games/UE_4.20/Engine/Binaries/Win64/
LogInit: Installed Engine Build: 1
LogDevObjectVersion: Number of dev versions registered: 20
LogDevObjectVersion:   Dev-Blueprints (B0D832E4-1F89-4F0D-ACCF-7EB736FD4AA2): 10
LogDevObjectVersion:   Dev-Build (E1C64328-A22C-4D53-A36C-8E866417BD8C): 0
LogDevObjectVersion:   Dev-Core (375EC13C-06E4-48FB-B500-84F0262A717E): 2
LogDevObjectVersion:   Dev-Editor (E4B068ED-F494-42E9-A231-DA0B2E46BB41): 24
LogDevObjectVersion:   Dev-Framework (CFFC743F-43B0-4480-9391-14DF171D2073): 34
LogDevObjectVersion:   Dev-Mobile (B02B49B5-BB20-44E9-A304-32B752E40360): 2
LogDevObjectVersion:   Dev-Networking (A4E4105C-59A1-49B5-A7C5-40C4547EDFEE): 0
LogDevObjectVersion:   Dev-Online (39C831C9-5AE6-47DC-9A44-9C173E1C8E7C): 0
LogDevObjectVersion:   Dev-Physics (78F01B33-EBEA-4F98-B9B4-84EACCB95AA2): 0
LogDevObjectVersion:   Dev-Platform (6631380F-2D4D-43E0-8009-CF276956A95A): 0
LogDevObjectVersion:   Dev-Rendering (12F88B9F-8875-4AFC-A67C-D90C383ABD29): 26
LogDevObjectVersion:   Dev-Sequencer (7B5AE74C-D270-4C10-A958-57980B212A5A): 9
LogDevObjectVersion:   Dev-VR (D7296918-1DD6-4BDD-9DE2-64A83CC13884): 2
LogDevObjectVersion:   Dev-LoadTimes (C2A15278-BFE7-4AFE-6C17-90FF531DF755): 1
LogDevObjectVersion:   Private-Geometry (6EACA3D4-40EC-4CC1-B786-8BED09428FC5): 3
LogDevObjectVersion:   Dev-AnimPhys (29E575DD-E0A3-4627-9D10-D276232CDCEA): 17
LogDevObjectVersion:   Dev-ReflectionCapture (6B266CEC-1EC7-4B8F-A30B-E4D90942FC07): 1
LogDevObjectVersion:   Dev-Automation (0DF73D61-A23F-47EA-B727-89E90C41499A): 1
LogDevObjectVersion:   FortniteMain (601D1886-AC64-4F84-AA16-D3DE0DEAC7D6): 12
LogDevObjectVersion:   Dev-Enterprise (9DFFBCD6-494F-0158-E221-12823C92A888): 1
LogStreaming: Display: Took  0.000s to delete old logs.
LogInit: Presizing for max 8388607 objects, including 0 objects not considered by GC, pre-allocating 0 bytes for permanent pool.
LogInit: Object subsystem initialized
[2019.01.14-15.43.44:033][  0]LogInit: Selected Device Profile: [Windows]
[2019.01.14-15.43.44:033][  0]LogInit: Applying CVar settings loaded from the selected device profile: [Windows]
[2019.01.14-15.43.44:532][  0]LogHAL: Display: Platform has ~ 16 GB [17095299072 / 17179869184 / 16], which maps to Larger [LargestMinGB=32, LargerMinGB=12, DefaultMinGB=8, SmallerMinGB=6, SmallestMinGB=0)
[2019.01.14-15.43.44:532][  0]LogInit: Setting Device Profile CVar: [[r.Vulkan.UseRealUBs:1]]
[2019.01.14-15.43.44:532][  0]LogInit: Going up to parent DeviceProfile []
[2019.01.14-15.43.44:532][  0]LogInit: Computer: eae-n-001
[2019.01.14-15.43.44:532][  0]LogInit: User: u0963460
[2019.01.14-15.43.44:532][  0]LogInit: CPU Page size=4096, Cores=4
[2019.01.14-15.43.44:532][  0]LogInit: High frequency timer resolution =3.023440 MHz
[2019.01.14-15.43.44:532][  0]LogMemory: Memory total: Physical=15.9GB (16GB approx)
[2019.01.14-15.43.44:532][  0]LogMemory: Platform Memory Stats for Windows
[2019.01.14-15.43.44:532][  0]LogMemory: Process Physical Memory: 100.70 MB used, 100.70 MB peak
[2019.01.14-15.43.44:532][  0]LogMemory: Process Virtual Memory: 89.50 MB used, 89.50 MB peak
[2019.01.14-15.43.44:532][  0]LogMemory: Physical Memory: 7016.94 MB used,  9286.41 MB free, 16303.35 MB total
[2019.01.14-15.43.44:532][  0]LogMemory: Virtual Memory: 4639.15 MB used,  9286.41 MB free, 134217728.00 MB total
[2019.01.14-15.43.44:545][  0]LogInit: Using OS detected language (en-US).
[2019.01.14-15.43.44:545][  0]LogInit: Using OS detected locale (en-US).
[2019.01.14-15.43.44:546][  0]LogTextLocalizationManager: No specific localization for 'en-US' exists, so the 'en' localization will be used.
[2019.01.14-15.43.44:869][  0]LogStreaming: Display: Took  0.323s to InitEngineTextLocalization.
[2019.01.14-15.43.44:869][  0]LogInit: Setting process to per monitor DPI aware
[2019.01.14-15.43.44:907][  0]LogSlate: New Slate User Created.  User Index 0, Is Virtual User: 0
[2019.01.14-15.43.44:907][  0]LogSlate: Slate User Registered.  User Index 0, Is Virtual User: 0
[2019.01.14-15.43.45:088][  0]LogHMD: Failed to initialize OpenVR with code 110
[2019.01.14-15.43.45:089][  0]LogD3D11RHI: D3D11 adapters:
[2019.01.14-15.43.45:120][  0]LogD3D11RHI:    0. 'Radeon RX Vega M GH Graphics' (Feature Level 11_0)
[2019.01.14-15.43.45:120][  0]LogD3D11RHI:       4042/0/8151 MB DedicatedVideo/DedicatedSystem/SharedSystem, Outputs:1, VendorId:0x1002
[2019.01.14-15.43.45:132][  0]LogD3D11RHI:    1. 'Intel(R) HD Graphics 630' (Feature Level 11_0)
[2019.01.14-15.43.45:132][  0]LogD3D11RHI:       128/0/8151 MB DedicatedVideo/DedicatedSystem/SharedSystem, Outputs:0, VendorId:0x8086
[2019.01.14-15.43.45:134][  0]LogD3D11RHI:    2. 'Microsoft Basic Render Driver' (Feature Level 11_0)
[2019.01.14-15.43.45:134][  0]LogD3D11RHI:       0/0/8151 MB DedicatedVideo/DedicatedSystem/SharedSystem, Outputs:0, VendorId:0x1414
[2019.01.14-15.43.45:134][  0]LogD3D11RHI: Chosen D3D11 Adapter: 0
[2019.01.14-15.43.45:143][  0]LogD3D11RHI: Creating new Direct3DDevice
[2019.01.14-15.43.45:143][  0]LogD3D11RHI:     GPU DeviceId: 0x694c (for the marketing name, search the web for "GPU Device Id")
[2019.01.14-15.43.45:143][  0]LogWindows: EnumDisplayDevices:
[2019.01.14-15.43.45:143][  0]LogWindows:    0. 'Radeon RX Vega M GH Graphics' (P:1 D:1)
[2019.01.14-15.43.45:144][  0]LogWindows:    1. 'Radeon RX Vega M GH Graphics' (P:0 D:0)
[2019.01.14-15.43.45:144][  0]LogWindows:    2. 'Radeon RX Vega M GH Graphics' (P:0 D:0)
[2019.01.14-15.43.45:144][  0]LogWindows:    3. 'Radeon RX Vega M GH Graphics' (P:0 D:0)
[2019.01.14-15.43.45:144][  0]LogWindows:    4. 'Radeon RX Vega M GH Graphics' (P:0 D:0)
[2019.01.14-15.43.45:144][  0]LogWindows:    5. 'Radeon RX Vega M GH Graphics' (P:0 D:0)
[2019.01.14-15.43.45:145][  0]LogWindows:    6. 'Radeon RX Vega M GH Graphics' (P:0 D:0)
[2019.01.14-15.43.45:145][  0]LogWindows:    7. 'Intel(R) HD Graphics 630' (P:0 D:0)
[2019.01.14-15.43.45:145][  0]LogWindows:    8. 'Intel(R) HD Graphics 630' (P:0 D:0)
[2019.01.14-15.43.45:145][  0]LogWindows: DebugString: PrimaryIsNotTheChoosenAdapter PrimaryIsNotTheChoosenAdapter FoundDriverCount:7 
[2019.01.14-15.43.45:145][  0]LogD3D11RHI:     Adapter Name: Radeon RX Vega M GH Graphics
[2019.01.14-15.43.45:145][  0]LogD3D11RHI:   Driver Version: Adrenalin 18.9.1 (internal:24.20.11026.2001, unified:24.20.11026.2001)
[2019.01.14-15.43.45:145][  0]LogD3D11RHI:      Driver Date: 8-30-2018
[2019.01.14-15.43.45:145][  0]LogRHI: Texture pool is 2829 MB (70% of 4042 MB)
[2019.01.14-15.43.45:212][  0]LogD3D11RHI: Async texture creation enabled
[2019.01.14-15.43.45:223][  0]LogD3D11RHI: GPU Timing Frequency: 25.000000 (Debug: 2 1)
[2019.01.14-15.43.45:224][  0]LogShaderCompilers: Guid format shader working directory is -27 characters bigger than the processId version (../../../../../../Users/u0963460/Documents/GitHub/IR_assetpipeline/WhiteBox/Intermediate/Shaders/WorkingDirectory/13256/).
[2019.01.14-15.43.45:224][  0]LogShaderCompilers: Cleaned the shader compiler working directory 'C:/Users/u0963460/AppData/Local/Temp/UnrealShaderWorkingDir/76530DD644C509A4CFBDD786EE202CD2/'.
[2019.01.14-15.43.45:472][  0]LogTemp: Display: Loaded TP AllDesktopTargetPlatform
[2019.01.14-15.43.45:484][  0]LogTemp: Display: Loaded TP MacClientTargetPlatform
[2019.01.14-15.43.45:497][  0]LogTemp: Display: Loaded TP MacNoEditorTargetPlatform
[2019.01.14-15.43.45:513][  0]LogTemp: Display: Loaded TP MacServerTargetPlatform
[2019.01.14-15.43.45:525][  0]LogTemp: Display: Loaded TP MacTargetPlatform
[2019.01.14-15.43.45:537][  0]LogTemp: Display: Loaded TP WindowsClientTargetPlatform
[2019.01.14-15.43.45:551][  0]LogTemp: Display: Loaded TP WindowsNoEditorTargetPlatform
[2019.01.14-15.43.45:562][  0]LogTemp: Display: Loaded TP WindowsServerTargetPlatform
[2019.01.14-15.43.45:568][  0]LogTemp: Display: Loaded TP WindowsTargetPlatform
[2019.01.14-15.43.45:635][  0]LogTemp: Display: Loaded TP AndroidTargetPlatform
[2019.01.14-15.43.45:635][  0]LogTemp: Display: Loaded TP AndroidTargetPlatform
[2019.01.14-15.43.45:635][  0]LogTemp: Display: Loaded TP AndroidTargetPlatform
[2019.01.14-15.43.45:635][  0]LogTemp: Display: Loaded TP AndroidTargetPlatform
[2019.01.14-15.43.45:635][  0]LogTemp: Display: Loaded TP AndroidTargetPlatform
[2019.01.14-15.43.45:635][  0]LogTemp: Display: Loaded TP AndroidTargetPlatform
[2019.01.14-15.43.45:635][  0]LogTemp: Display: Loaded TP AndroidTargetPlatform
[2019.01.14-15.43.45:635][  0]LogTemp: Display: Loaded TP AndroidTargetPlatform
[2019.01.14-15.43.45:635][  0]LogTemp: Display: Loaded TP AndroidTargetPlatform
[2019.01.14-15.43.45:635][  0]LogTemp: Display: Loaded TP AndroidTargetPlatform
[2019.01.14-15.43.45:635][  0]LogTemp: Display: Loaded TP AndroidTargetPlatform
[2019.01.14-15.43.45:635][  0]LogTemp: Display: Loaded TP AndroidTargetPlatform
[2019.01.14-15.43.45:635][  0]LogTemp: Display: Loaded TP AndroidTargetPlatform
[2019.01.14-15.43.45:635][  0]LogTemp: Display: Loaded TP AndroidTargetPlatform
[2019.01.14-15.43.45:635][  0]LogTemp: Display: Loaded TP AndroidTargetPlatform
[2019.01.14-15.43.45:635][  0]LogTemp: Display: Loaded TP AndroidTargetPlatform
[2019.01.14-15.43.45:635][  0]LogTemp: Display: Loaded TP AndroidTargetPlatform
[2019.01.14-15.43.45:635][  0]LogTemp: Display: Loaded TP AndroidTargetPlatform
[2019.01.14-15.43.45:636][  0]LogTemp: Display: Loaded TP HTML5TargetPlatform
[2019.01.14-15.43.45:692][  0]LogTemp: Display: Loaded TP IOSTargetPlatform
[2019.01.14-15.43.45:692][  0]LogTemp: Display: Loaded TP IOSTargetPlatform
[2019.01.14-15.43.45:712][  0]LogTemp: Display: Loaded TP TVOSTargetPlatform
[2019.01.14-15.43.45:712][  0]LogTemp: Display: Loaded TP TVOSTargetPlatform
[2019.01.14-15.43.45:724][  0]LogTemp: Display: Loaded TP LinuxClientTargetPlatform
[2019.01.14-15.43.45:733][  0]LogTemp: Display: Loaded TP LinuxNoEditorTargetPlatform
[2019.01.14-15.43.45:743][  0]LogTemp: Display: Loaded TP LinuxServerTargetPlatform
[2019.01.14-15.43.45:755][  0]LogTemp: Display: Loaded TP LinuxTargetPlatform
[2019.01.14-15.43.45:763][  0]LogTemp: Display: Loaded TP LuminTargetPlatform
[2019.01.14-15.43.45:763][  0]LogTargetPlatformManager: Display: Building Assets For Windows
[2019.01.14-15.43.45:825][  0]LogXGEController: Cannot use XGE Controller as Incredibuild is not installed on this machine.
[2019.01.14-15.43.45:825][  0]LogShaderCompilers: Cannot use XGE Shader Compiler as Incredibuild is not installed on this machine.
[2019.01.14-15.43.45:825][  0]LogShaderCompilers: Display: Using Local Shader Compiler.
[2019.01.14-15.43.46:480][  0]LogDerivedDataCache: Display: Max Cache Size: 512 MB
[2019.01.14-15.43.46:544][  0]LogDerivedDataCache: Loaded boot cache 0.06s 87MB C:/Users/u0963460/AppData/Local/UnrealEngine/4.20/DerivedDataCache/Boot.ddc.
[2019.01.14-15.43.46:545][  0]LogDerivedDataCache: Display: Loaded Boot cache: C:/Users/u0963460/AppData/Local/UnrealEngine/4.20/DerivedDataCache/Boot.ddc
[2019.01.14-15.43.46:545][  0]LogDerivedDataCache: FDerivedDataBackendGraph:  Pak pak cache file ../../../../../../Users/u0963460/Documents/GitHub/IR_assetpipeline/WhiteBox/DerivedDataCache/DDC.ddp not found, will not use a pak cache.
[2019.01.14-15.43.46:545][  0]LogDerivedDataCache: Unable to find inner node Pak for hierarchical cache Hierarchy.
[2019.01.14-15.43.46:545][  0]LogDerivedDataCache: FDerivedDataBackendGraph:  CompressedPak pak cache file ../../../../../../Users/u0963460/Documents/GitHub/IR_assetpipeline/WhiteBox/DerivedDataCache/Compressed.ddp not found, will not use a pak cache.
[2019.01.14-15.43.46:545][  0]LogDerivedDataCache: Unable to find inner node CompressedPak for hierarchical cache Hierarchy.
[2019.01.14-15.43.46:556][  0]LogDerivedDataCache: Display: Pak cache opened for reading ../../../Engine/DerivedDataCache/Compressed.ddp.
[2019.01.14-15.43.46:569][  0]LogDerivedDataCache: Using Local data cache path C:/Users/u0963460/AppData/Local/UnrealEngine/Common/DerivedDataCache: Writable
[2019.01.14-15.43.46:569][  0]LogDerivedDataCache: Shared data cache path not found in *engine.ini, will not use an Shared cache.
[2019.01.14-15.43.46:569][  0]LogDerivedDataCache: Unable to find inner node Shared for hierarchical cache Hierarchy.
[2019.01.14-15.43.46:585][  0]LogMaterial: Verifying Global Shaders for PCD3D_SM5
[2019.01.14-15.43.46:586][  0]LogSlate: Using FreeType 2.6.0
[2019.01.14-15.43.46:586][  0]LogSlate: SlateFontServices - WITH_FREETYPE: 1, WITH_HARFBUZZ: 1
[2019.01.14-15.43.46:652][  0]LogAssetRegistry: FAssetRegistry took 0.0252 seconds to start up
[2019.01.14-15.43.46:949][  0]LogInit: Selected Device Profile: [Windows]
[2019.01.14-15.43.47:067][  0]LogSimplygon: Simplygon DLL not present - disabling.
[2019.01.14-15.43.47:071][  0]LogMeshReduction: Using SimplygonSwarm for distributed automatic mesh merging
[2019.01.14-15.43.47:071][  0]LogMeshReduction: Using ProxyLODMeshReduction for automatic mesh merging
[2019.01.14-15.43.47:071][  0]LogMeshReduction: Using QuadricMeshReduction for automatic static mesh reduction
[2019.01.14-15.43.47:071][  0]LogMeshReduction: No automatic skeletal mesh reduction module available
[2019.01.14-15.43.47:087][  0]LogNetVersion: WhiteBox 1.0.0, NetCL: 4212847, EngineNetVer: 5, GameNetVer: 0 (Checksum: 1681526754)
[2019.01.14-15.43.47:569][  0]LogPackageLocalizationCache: Processed 11 localized package path(s) for 2 prioritized culture(s) in 0.102425 seconds
[2019.01.14-15.43.47:574][  0]LogUObjectArray: 38425 objects as part of root set at end of initial load.
[2019.01.14-15.43.47:574][  0]LogUObjectAllocator: 6690864 out of 0 bytes used by permanent object pool.
[2019.01.14-15.43.47:574][  0]LogUObjectArray: CloseDisregardForGC: 0/0 objects in disregard for GC pool
[2019.01.14-15.43.48:345][  0]LogTcpMessaging: Initializing TcpMessaging bridge
[2019.01.14-15.43.48:366][  0]LogUdpMessaging: Initializing bridge on interface 0.0.0.0:0 to multicast group 230.0.0.1:6666.
[2019.01.14-15.43.48:497][  0]SourceControl: Source control is disabled
[2019.01.14-15.43.48:497][  0]SourceControl: Source control is disabled
[2019.01.14-15.43.48:498][  0]SourceControl: Source control is disabled
[2019.01.14-15.43.48:499][  0]SourceControl: Source control is disabled
[2019.01.14-15.43.48:655][  0]LogAndroidPermission: UAndroidPermissionCallbackProxy::GetInstance
[2019.01.14-15.43.48:726][  0]LogOcInput: OculusInput pre-init called
[2019.01.14-15.43.48:784][  0]LogEngine: Initializing Engine...
[2019.01.14-15.43.48:784][  0]LogHMD: Failed to initialize OpenVR with code 110
[2019.01.14-15.43.48:785][  0]LogStats: UGameplayTagsManager::ConstructGameplayTagTree: ImportINI prefixes -  0.000 s
[2019.01.14-15.43.48:785][  0]LogStats: UGameplayTagsManager::ConstructGameplayTagTree: Construct from data asset -  0.000 s
[2019.01.14-15.43.48:785][  0]LogStats: UGameplayTagsManager::ConstructGameplayTagTree: ImportINI -  0.000 s
[2019.01.14-15.43.48:786][  0]LogStats: UGameplayTagsManager::ConstructGameplayTagTree: GameplayTagTreeChangedEvent.Broadcast -  0.000 s
[2019.01.14-15.43.48:985][  0]LogInit: Initializing FReadOnlyCVARCache
[2019.01.14-15.43.49:001][  0]LogAIModule: Creating AISystem for world Untitled
[2019.01.14-15.43.49:029][  0]LogInit: XAudio2 using '1 - CintiqPro24P (AMD High Definition Audio Device)' : 2 channels at 48 kHz using 16 bits per sample (channel mask 0x3)
[2019.01.14-15.43.49:056][  0]LogInit: FAudioDevice initialized.
[2019.01.14-15.43.49:056][  0]LogNetVersion: Set ProjectVersion to 1.0.0.0. Version Checksum will be recalculated on next use.
[2019.01.14-15.43.49:140][  0]LogDerivedDataCache: Saved boot cache 0.08s 87MB C:/Users/u0963460/AppData/Local/UnrealEngine/4.20/DerivedDataCache/Boot.ddc.
[2019.01.14-15.43.49:153][  0]LogInit: Texture streaming: Enabled
[2019.01.14-15.43.49:172][  0]LogEngineSessionManager: EngineSessionManager initialized
[2019.01.14-15.43.49:189][  0]LogInit: Transaction tracking system initialized
[2019.01.14-15.43.49:217][  0]BlueprintLog: New page: Editor Load
[2019.01.14-15.43.49:341][  0]LocalizationService: Localization service is disabled
[2019.01.14-15.43.49:590][  0]LogFileCache: Scanning file cache for directory 'C:/Users/u0963460/Documents/GitHub/IR_assetpipeline/WhiteBox/Content/' took 0.01s
[2019.01.14-15.43.49:590][  0]LogCook: Display: Max memory allowance for cook 16384mb min free memory 0mb
[2019.01.14-15.43.49:590][  0]LogCook: Display: Mobile HDR setting 1
[2019.01.14-15.43.49:591][  0]LogGameplayTags: Display: UGameplayTagsManager::DoneAddingNativeTags. DelegateIsBound: 0
[2019.01.14-15.43.49:591][  0]LogStats: UGameplayTagsManager::ConstructGameplayTagTree: ImportINI prefixes -  0.000 s
[2019.01.14-15.43.49:591][  0]LogStats: UGameplayTagsManager::ConstructGameplayTagTree: Construct from data asset -  0.000 s
[2019.01.14-15.43.49:591][  0]LogStats: UGameplayTagsManager::ConstructGameplayTagTree: ImportINI -  0.000 s
[2019.01.14-15.43.49:591][  0]LogStats: UGameplayTagsManager::ConstructGameplayTagTree: GameplayTagTreeChangedEvent.Broadcast -  0.000 s
[2019.01.14-15.43.49:718][  0]SourceControl: Source control is disabled
[2019.01.14-15.43.49:719][  0]Cmd: MAP LOAD FILE="../../../Engine/Content/Maps/Templates/Template_Default.umap" TEMPLATE=1 SHOWPROGRESS=1 FEATURELEVEL=3
[2019.01.14-15.43.49:719][  0]LightingResults: New page: Lighting Build
[2019.01.14-15.43.49:722][  0]MapCheck: New page: Map Check
[2019.01.14-15.43.49:722][  0]LightingResults: New page: Lighting Build
[2019.01.14-15.43.49:901][  0]LogAIModule: Creating AISystem for world Untitled_1
[2019.01.14-15.43.49:908][  0]LogEditorServer: Finished looking for orphan Actors (0.000 secs)
[2019.01.14-15.43.49:929][  0]Cmd: MAP CHECKDEP NOCLEARLOG
[2019.01.14-15.43.49:998][  0]MapCheck: Map check complete: 0 Error(s), 0 Warning(s), took 68.704ms to complete.
[2019.01.14-15.43.49:998][  0]LogFileHelpers: Loading map 'Template_Default' took 0.279
[2019.01.14-15.43.50:192][  0]LogSlate: Updating window title bar state: overlay mode, drag disabled, window buttons hidden, title bar hidden
[2019.01.14-15.43.50:204][  0]LogSlate: Updating window title bar state: overlay mode, drag disabled, window buttons hidden, title bar hidden
[2019.01.14-15.43.50:211][  0]LogSlate: Updating window title bar state: overlay mode, drag disabled, window buttons hidden, title bar hidden
[2019.01.14-15.43.50:221][  0]LogSlate: Updating window title bar state: overlay mode, drag disabled, window buttons hidden, title bar hidden
[2019.01.14-15.43.50:239][  0]LogCollectionManager: Loaded 0 collections in 0.001864 seconds
[2019.01.14-15.43.50:302][  0]LogFileCache: Scanning file cache for directory 'C:/Users/u0963460/Documents/GitHub/IR_assetpipeline/WhiteBox/Saved/Collections/' took 0.01s
[2019.01.14-15.43.50:302][  0]LogFileCache: Scanning file cache for directory 'C:/Users/u0963460/Documents/GitHub/IR_assetpipeline/WhiteBox/Content/Developers/u0963460/Collections/' took 0.01s
[2019.01.14-15.43.50:302][  0]LogFileCache: Scanning file cache for directory 'C:/Users/u0963460/Documents/GitHub/IR_assetpipeline/WhiteBox/Content/Collections/' took 0.01s
[2019.01.14-15.43.50:302][  0]LogCollectionManager: Rebuilt the GUID cache for 0 collections in 0.000001 seconds
[2019.01.14-15.43.50:314][  0]LogContentBrowser: Native class hierarchy populated in 0.0096 seconds. Added 2572 classes and 603 folders.
[2019.01.14-15.43.50:331][  0]LogContentBrowser: Native class hierarchy updated for 'WidgetCarousel' in 0.0002 seconds. Added 0 classes and 0 folders.
[2019.01.14-15.43.50:746][  0]LogContentBrowser: Native class hierarchy updated for 'AddContentDialog' in 0.0003 seconds. Added 0 classes and 0 folders.
[2019.01.14-15.43.50:759][  0]LogContentBrowser: Native class hierarchy updated for 'SceneOutliner' in 0.0002 seconds. Added 1 classes and 2 folders.
[2019.01.14-15.43.50:835][  0]LogSlate: Took 0.000267 seconds to synchronously load lazily loaded font '../../../Engine/Content/Slate/Fonts/Roboto-Regular.ttf' (155K)
[2019.01.14-15.43.50:837][  0]LogSlate: Took 0.000179 seconds to synchronously load lazily loaded font '../../../Engine/Content/Slate/Fonts/Roboto-Bold.ttf' (160K)
[2019.01.14-15.43.50:852][  0]LogSlate: Took 0.006753 seconds to synchronously load lazily loaded font '../../../Engine/Content/Editor/Slate/Fonts/FontAwesome.ttf' (139K)
[2019.01.14-15.43.50:980][  0]LogRenderer: Reallocating scene render targets to support 1208x576 Format 10 NumSamples 1 (Frame:1).
[2019.01.14-15.43.51:259][  0]LogSlate: FSceneViewport::OnFocusLost() reason 2
[2019.01.14-15.43.51:273][  0]LogSlate: Window 'Tutorials' being destroyed
[2019.01.14-15.43.51:307][  0]LogContentBrowser: Native class hierarchy updated for 'HierarchicalLODOutliner' in 0.0002 seconds. Added 0 classes and 0 folders.
[2019.01.14-15.43.51:307][  0]LogLoad: (Engine Initialization) Total time: 8.98 seconds
[2019.01.14-15.43.51:307][  0]LogLoad: (Engine Initialization) Total Blueprint compile time: 0.00 seconds
[2019.01.14-15.43.51:318][  0]LogWindowsTextInputMethodSystem: Display: IME system now deactivated.
[2019.01.14-15.43.51:341][  0]LogAssetRegistry: Asset discovery search completed in 4.7114 seconds
[2019.01.14-15.43.51:343][  0]LogCollectionManager: Rebuilt the object cache for 0 collections in 0.000000 seconds (found 0 objects)
[2019.01.14-15.43.51:344][  0]LogCollectionManager: Fixed up redirectors for 0 collections in 0.000100 seconds (updated 0 objects)
[2019.01.14-15.43.51:347][  0]LogContentStreaming: Texture pool size now 1000 MB
[2019.01.14-15.49.02:248][605]LogSlate: FSceneViewport::OnFocusLost() reason 0
[2019.01.14-15.49.51:870][197]LogSlate: Took 0.000191 seconds to synchronously load lazily loaded font '../../../Engine/Content/Slate/Fonts/Roboto-Light.ttf' (167K)
[2019.01.14-15.49.51:878][197]LogAssetEditorManager: Opening Asset editor for Material /Game/M_WBox_IR.M_WBox_IR
[2019.01.14-15.49.51:882][197]LogMaterial: Display: Missing cached shader map for material M_WBox_IR, compiling. 
[2019.01.14-15.49.52:271][197]LogMaterial: Display: Missing cached shader map for material M_WBox_IR, compiling. 
[2019.01.14-15.49.52:301][197]LogShaderCompilers: Display: Shaders left to compile 21
[2019.01.14-15.49.52:301][197]LogShaderCompilers: Display: Shaders left to compile 20
[2019.01.14-15.49.52:301][197]LogShaderCompilers: Display: Shaders left to compile 19
[2019.01.14-15.49.52:301][197]LogShaderCompilers: Display: Shaders left to compile 18
[2019.01.14-15.49.52:336][197]LogSlate: Took 0.009021 seconds to synchronously load lazily loaded font '../../../Engine/Content/Slate/Fonts/Roboto-BoldCondensed.ttf' (158K)
[2019.01.14-15.49.53:025][231]LogShaderCompilers: Display: Shaders left to compile 17
[2019.01.14-15.49.53:058][233]LogShaderCompilers: Display: Shaders left to compile 16
[2019.01.14-15.49.53:062][233]LogShaderCompilers: Display: Shaders left to compile 15
[2019.01.14-15.49.53:062][233]LogShaderCompilers: Display: Shaders left to compile 14
[2019.01.14-15.49.53:212][242]LogShaderCompilers: Display: Shaders left to compile 13
[2019.01.14-15.49.53:243][244]LogShaderCompilers: Display: Shaders left to compile 12
[2019.01.14-15.49.53:247][244]LogShaderCompilers: Display: Shaders left to compile 11
[2019.01.14-15.49.53:262][245]LogShaderCompilers: Display: Shaders left to compile 10
[2019.01.14-15.49.53:382][253]LogShaderCompilers: Display: Shaders left to compile 9
[2019.01.14-15.49.53:532][262]LogShaderCompilers: Display: Shaders left to compile 8
[2019.01.14-15.49.53:687][272]LogShaderCompilers: Display: Shaders left to compile 7
[2019.01.14-15.49.53:733][275]LogShaderCompilers: Display: Shaders left to compile 6
[2019.01.14-15.49.53:800][279]LogShaderCompilers: Display: Shaders left to compile 5
[2019.01.14-15.49.53:935][287]LogShaderCompilers: Display: Shaders left to compile 4
[2019.01.14-15.49.54:003][291]LogShaderCompilers: Display: Shaders left to compile 3
[2019.01.14-15.49.54:156][300]LogShaderCompilers: Display: Shaders left to compile 2
[2019.01.14-15.49.54:206][303]LogShaderCompilers: Display: Shaders left to compile 1
[2019.01.14-15.49.54:501][322]MaterialEditorStats: Base pass shader: 99 instructions
[2019.01.14-15.49.54:501][322]MaterialEditorStats: Base pass shader with Volumetric Lightmap: 172 instructions
[2019.01.14-15.49.54:501][322]MaterialEditorStats: Base pass vertex shader: 32 instructions
[2019.01.14-15.49.54:501][322]MaterialEditorStats: Texture samplers: 3/16
[2019.01.14-15.50.35:315][549]LogMaterial: Display: Missing cached shader map for material M_WBox_IR, compiling. 
[2019.01.14-15.50.35:327][549]LogMaterial: Display: Missing cached shader map for material FMatExpressionPreview MaterialExpressionConstant3Vector_0, compiling. 
[2019.01.14-15.50.35:363][550]LogShaderCompilers: Display: Shaders left to compile 23
[2019.01.14-15.50.35:363][550]LogShaderCompilers: Display: Shaders left to compile 22
[2019.01.14-15.50.35:363][550]LogShaderCompilers: Display: Shaders left to compile 21
[2019.01.14-15.50.35:363][550]LogShaderCompilers: Display: Shaders left to compile 20
[2019.01.14-15.50.35:912][598]LogShaderCompilers: Display: Shaders left to compile 19
[2019.01.14-15.50.35:943][601]LogShaderCompilers: Display: Shaders left to compile 18
[2019.01.14-15.50.35:953][602]LogShaderCompilers: Display: Shaders left to compile 17
[2019.01.14-15.50.35:953][602]LogShaderCompilers: Display: Shaders left to compile 16
[2019.01.14-15.50.36:080][612]LogShaderCompilers: Display: Shaders left to compile 15
[2019.01.14-15.50.36:118][615]LogShaderCompilers: Display: Shaders left to compile 14
[2019.01.14-15.50.36:130][616]LogShaderCompilers: Display: Shaders left to compile 13
[2019.01.14-15.50.36:138][617]LogShaderCompilers: Display: Shaders left to compile 12
[2019.01.14-15.50.36:245][627]LogShaderCompilers: Display: Shaders left to compile 11
[2019.01.14-15.50.36:380][636]LogShaderCompilers: Display: Shaders left to compile 10
[2019.01.14-15.50.36:537][648]LogShaderCompilers: Display: Shaders left to compile 9
[2019.01.14-15.50.36:574][651]LogShaderCompilers: Display: Shaders left to compile 8
[2019.01.14-15.50.36:637][656]LogShaderCompilers: Display: Shaders left to compile 7
[2019.01.14-15.50.36:785][668]LogShaderCompilers: Display: Shaders left to compile 6
[2019.01.14-15.50.36:797][669]LogShaderCompilers: Display: Shaders left to compile 5
[2019.01.14-15.50.37:028][685]LogShaderCompilers: Display: Shaders left to compile 4
[2019.01.14-15.50.37:055][687]LogShaderCompilers: Display: Shaders left to compile 3
[2019.01.14-15.50.37:114][692]LogShaderCompilers: Display: Shaders left to compile 2
[2019.01.14-15.50.37:177][697]LogShaderCompilers: Display: Shaders left to compile 1
[2019.01.14-15.50.37:446][716]MaterialEditorStats: Base pass shader: 99 instructions
[2019.01.14-15.50.37:446][716]MaterialEditorStats: Base pass shader with Volumetric Lightmap: 172 instructions
[2019.01.14-15.50.37:446][716]MaterialEditorStats: Base pass vertex shader: 32 instructions
[2019.01.14-15.50.37:446][716]MaterialEditorStats: Texture samplers: 3/16
[2019.01.14-15.50.51:829][207]LogMaterial: Display: Missing cached shader map for material M_WBox_IR, compiling. 
[2019.01.14-15.50.51:844][207]LogShaderCompilers: Display: Shaders left to compile 21
[2019.01.14-15.50.51:844][207]LogShaderCompilers: Display: Shaders left to compile 20
[2019.01.14-15.50.51:844][207]LogShaderCompilers: Display: Shaders left to compile 19
[2019.01.14-15.50.51:844][207]LogShaderCompilers: Display: Shaders left to compile 18
[2019.01.14-15.50.51:844][207]LogMaterial: Display: Missing cached shader map for material FMatExpressionPreview MaterialExpressionVectorParameter_0, compiling. 
[2019.01.14-15.50.51:856][207]LogMaterial: Display: Missing cached shader map for material FMatExpressionPreview MaterialExpressionVectorParameter_0, compiling. 
[2019.01.14-15.50.51:894][207]LogMaterial: Display: Missing cached shader map for material M_WBox_IR, compiling. 
[2019.01.14-15.50.51:965][208]LogSlate: Took 0.007865 seconds to synchronously load lazily loaded font '../../../Engine/Content/Slate/Fonts/Roboto-Italic.ttf' (157K)
[2019.01.14-15.50.52:062][214]LogShaderCompilers: Display: Shaders left to compile 23
[2019.01.14-15.50.52:103][217]LogShaderCompilers: Display: Shaders left to compile 22
[2019.01.14-15.50.52:115][218]LogShaderCompilers: Display: Shaders left to compile 21
[2019.01.14-15.50.52:115][218]LogShaderCompilers: Display: Shaders left to compile 20
[2019.01.14-15.50.52:367][236]LogShaderCompilers: Display: Shaders left to compile 19
[2019.01.14-15.50.52:381][237]LogShaderCompilers: Display: Shaders left to compile 18
[2019.01.14-15.50.52:391][238]LogShaderCompilers: Display: Shaders left to compile 17
[2019.01.14-15.50.52:416][240]LogShaderCompilers: Display: Shaders left to compile 16
[2019.01.14-15.50.52:579][252]LogShaderCompilers: Display: Shaders left to compile 15
[2019.01.14-15.50.52:593][253]LogShaderCompilers: Display: Shaders left to compile 14
[2019.01.14-15.50.52:593][253]LogShaderCompilers: Display: Shaders left to compile 13
[2019.01.14-15.50.52:600][254]LogShaderCompilers: Display: Shaders left to compile 12
[2019.01.14-15.50.52:723][263]LogShaderCompilers: Display: Shaders left to compile 11
[2019.01.14-15.50.52:733][264]LogShaderCompilers: Display: Shaders left to compile 10
[2019.01.14-15.50.52:768][267]LogShaderCompilers: Display: Shaders left to compile 9
[2019.01.14-15.50.53:001][283]LogShaderCompilers: Display: Shaders left to compile 8
[2019.01.14-15.50.53:001][283]LogShaderCompilers: Display: Shaders left to compile 7
[2019.01.14-15.50.53:179][296]LogShaderCompilers: Display: Shaders left to compile 6
[2019.01.14-15.50.53:194][297]LogShaderCompilers: Display: Shaders left to compile 5
[2019.01.14-15.50.53:265][302]LogShaderCompilers: Display: Shaders left to compile 4
[2019.01.14-15.50.53:399][312]LogShaderCompilers: Display: Shaders left to compile 3
[2019.01.14-15.50.53:535][321]LogShaderCompilers: Display: Shaders left to compile 2
[2019.01.14-15.50.53:635][329]LogShaderCompilers: Display: Shaders left to compile 1
[2019.01.14-15.50.53:890][349]MaterialEditorStats: Base pass shader: 99 instructions
[2019.01.14-15.50.53:890][349]MaterialEditorStats: Base pass shader with Volumetric Lightmap: 172 instructions
[2019.01.14-15.50.53:890][349]MaterialEditorStats: Base pass vertex shader: 32 instructions
[2019.01.14-15.50.53:890][349]MaterialEditorStats: Texture samplers: 3/16
[2019.01.14-15.51.03:131][179]LogMaterial: Display: Missing cached shader map for material M_WBox_IR, compiling. 
[2019.01.14-15.51.03:147][179]LogShaderCompilers: Display: Shaders left to compile 21
[2019.01.14-15.51.03:147][179]LogShaderCompilers: Display: Shaders left to compile 20
[2019.01.14-15.51.03:147][179]LogShaderCompilers: Display: Shaders left to compile 19
[2019.01.14-15.51.03:147][179]LogShaderCompilers: Display: Shaders left to compile 18
[2019.01.14-15.51.03:149][179]LogMaterial: Display: Missing cached shader map for material FMatExpressionPreview MaterialExpressionVectorParameter_0, compiling. 
[2019.01.14-15.51.03:385][196]LogShaderCompilers: Display: Shaders left to compile 19
[2019.01.14-15.51.03:409][198]LogShaderCompilers: Display: Shaders left to compile 18
[2019.01.14-15.51.03:419][199]LogShaderCompilers: Display: Shaders left to compile 17
[2019.01.14-15.51.03:427][200]LogShaderCompilers: Display: Shaders left to compile 16
[2019.01.14-15.51.03:559][209]LogShaderCompilers: Display: Shaders left to compile 15
[2019.01.14-15.51.03:577][211]LogShaderCompilers: Display: Shaders left to compile 14
[2019.01.14-15.51.03:588][212]LogShaderCompilers: Display: Shaders left to compile 13
[2019.01.14-15.51.03:599][213]LogShaderCompilers: Display: Shaders left to compile 12
[2019.01.14-15.51.03:706][222]LogShaderCompilers: Display: Shaders left to compile 11
[2019.01.14-15.51.03:846][231]LogShaderCompilers: Display: Shaders left to compile 10
[2019.01.14-15.51.04:007][242]LogShaderCompilers: Display: Shaders left to compile 9
[2019.01.14-15.51.04:047][245]LogShaderCompilers: Display: Shaders left to compile 8
[2019.01.14-15.51.04:137][252]LogShaderCompilers: Display: Shaders left to compile 7
[2019.01.14-15.51.04:262][262]LogShaderCompilers: Display: Shaders left to compile 6
[2019.01.14-15.51.04:276][263]LogShaderCompilers: Display: Shaders left to compile 5
[2019.01.14-15.51.04:486][278]LogShaderCompilers: Display: Shaders left to compile 4
[2019.01.14-15.51.04:514][280]LogShaderCompilers: Display: Shaders left to compile 3
[2019.01.14-15.51.04:595][287]LogShaderCompilers: Display: Shaders left to compile 2
[2019.01.14-15.51.04:689][294]LogShaderCompilers: Display: Shaders left to compile 1
[2019.01.14-15.51.04:917][312]MaterialEditorStats: Base pass shader: 101 instructions
[2019.01.14-15.51.04:917][312]MaterialEditorStats: Base pass shader with Volumetric Lightmap: 174 instructions
[2019.01.14-15.51.04:917][312]MaterialEditorStats: Base pass vertex shader: 32 instructions
[2019.01.14-15.51.04:917][312]MaterialEditorStats: Texture samplers: 3/16
[2019.01.14-15.51.20:556][860]LogMaterial: Display: Missing cached shader map for material M_WBox_IR, compiling. 
[2019.01.14-15.51.20:571][860]LogMaterial: Display: Missing cached shader map for material FMatExpressionPreview MaterialExpressionVectorParameter_0, compiling. 
[2019.01.14-15.51.20:585][860]LogShaderCompilers: Display: Shaders left to compile 21
[2019.01.14-15.51.20:585][860]LogShaderCompilers: Display: Shaders left to compile 20
[2019.01.14-15.51.20:585][860]LogShaderCompilers: Display: Shaders left to compile 19
[2019.01.14-15.51.20:585][860]LogShaderCompilers: Display: Shaders left to compile 18
[2019.01.14-15.51.20:818][876]LogShaderCompilers: Display: Shaders left to compile 19
[2019.01.14-15.51.20:832][877]LogShaderCompilers: Display: Shaders left to compile 18
[2019.01.14-15.51.20:845][878]LogShaderCompilers: Display: Shaders left to compile 17
[2019.01.14-15.51.20:857][879]LogShaderCompilers: Display: Shaders left to compile 16
[2019.01.14-15.51.21:009][890]LogShaderCompilers: Display: Shaders left to compile 15
[2019.01.14-15.51.21:020][891]LogShaderCompilers: Display: Shaders left to compile 14
[2019.01.14-15.51.21:032][892]LogShaderCompilers: Display: Shaders left to compile 13
[2019.01.14-15.51.21:043][893]LogShaderCompilers: Display: Shaders left to compile 12
[2019.01.14-15.51.21:153][901]LogShaderCompilers: Display: Shaders left to compile 11
[2019.01.14-15.51.21:294][910]LogShaderCompilers: Display: Shaders left to compile 10
[2019.01.14-15.51.21:425][919]LogShaderCompilers: Display: Shaders left to compile 9
[2019.01.14-15.51.21:466][923]LogShaderCompilers: Display: Shaders left to compile 8
[2019.01.14-15.51.21:546][929]LogShaderCompilers: Display: Shaders left to compile 7
[2019.01.14-15.51.21:656][938]LogShaderCompilers: Display: Shaders left to compile 6
[2019.01.14-15.51.21:698][941]LogShaderCompilers: Display: Shaders left to compile 5
[2019.01.14-15.51.21:853][953]LogShaderCompilers: Display: Shaders left to compile 4
[2019.01.14-15.51.21:888][956]LogShaderCompilers: Display: Shaders left to compile 3
[2019.01.14-15.51.21:977][964]LogShaderCompilers: Display: Shaders left to compile 2
[2019.01.14-15.51.22:045][969]LogShaderCompilers: Display: Shaders left to compile 1
[2019.01.14-15.51.22:490][ 13]LogMaterial: Display: Missing cached shader map for material M_WBox_IR, compiling. 
[2019.01.14-15.51.22:506][ 13]LogShaderCompilers: Display: Shaders left to compile 21
[2019.01.14-15.51.22:506][ 13]LogShaderCompilers: Display: Shaders left to compile 20
[2019.01.14-15.51.22:506][ 13]LogShaderCompilers: Display: Shaders left to compile 19
[2019.01.14-15.51.22:506][ 13]LogShaderCompilers: Display: Shaders left to compile 18
[2019.01.14-15.51.22:506][ 13]LogMaterial: Display: Missing cached shader map for material FMatExpressionPreview MaterialExpressionVectorParameter_0, compiling. 
[2019.01.14-15.51.22:722][ 29]LogShaderCompilers: Display: Shaders left to compile 19
[2019.01.14-15.51.22:741][ 30]LogMaterial: Display: Missing cached shader map for material M_WBox_IR, compiling. 
[2019.01.14-15.51.22:754][ 30]LogShaderCompilers: Display: Shaders left to compile 2
[2019.01.14-15.51.22:756][ 30]LogShaderCompilers: Display: Shaders left to compile 22
[2019.01.14-15.51.22:756][ 30]LogShaderCompilers: Display: Shaders left to compile 21
[2019.01.14-15.51.22:758][ 30]LogMaterial: Display: Missing cached shader map for material FMatExpressionPreview MaterialExpressionVectorParameter_0, compiling. 
[2019.01.14-15.51.22:861][ 35]LogShaderCompilers: Display: Shaders left to compile 22
[2019.01.14-15.51.23:022][ 45]LogShaderCompilers: Display: Shaders left to compile 21
[2019.01.14-15.51.23:022][ 45]LogShaderCompilers: Display: Shaders left to compile 20
[2019.01.14-15.51.23:067][ 49]LogShaderCompilers: Display: Shaders left to compile 19
[2019.01.14-15.51.23:091][ 51]LogShaderCompilers: Display: Shaders left to compile 18
[2019.01.14-15.51.23:210][ 59]LogShaderCompilers: Display: Shaders left to compile 17
[2019.01.14-15.51.23:238][ 61]LogShaderCompilers: Display: Shaders left to compile 16
[2019.01.14-15.51.23:249][ 62]LogShaderCompilers: Display: Shaders left to compile 15
[2019.01.14-15.51.23:261][ 63]LogShaderCompilers: Display: Shaders left to compile 14
[2019.01.14-15.51.23:376][ 71]LogShaderCompilers: Display: Shaders left to compile 13
[2019.01.14-15.51.23:376][ 71]LogShaderCompilers: Display: Shaders left to compile 12
[2019.01.14-15.51.23:429][ 75]LogShaderCompilers: Display: Shaders left to compile 11
[2019.01.14-15.51.23:633][ 89]LogShaderCompilers: Display: Shaders left to compile 10
[2019.01.14-15.51.23:649][ 90]LogShaderCompilers: Display: Shaders left to compile 9
[2019.01.14-15.51.23:804][101]LogShaderCompilers: Display: Shaders left to compile 8
[2019.01.14-15.51.23:851][104]LogShaderCompilers: Display: Shaders left to compile 7
[2019.01.14-15.51.23:892][107]LogShaderCompilers: Display: Shaders left to compile 6
[2019.01.14-15.51.24:033][119]LogShaderCompilers: Display: Shaders left to compile 5
[2019.01.14-15.51.24:142][126]LogShaderCompilers: Display: Shaders left to compile 4
[2019.01.14-15.51.24:242][134]LogShaderCompilers: Display: Shaders left to compile 3
[2019.01.14-15.51.24:306][139]LogShaderCompilers: Display: Shaders left to compile 2
[2019.01.14-15.51.24:383][145]LogShaderCompilers: Display: Shaders left to compile 1
[2019.01.14-15.51.24:602][165]LogMaterial: Display: Missing cached shader map for material M_WBox_IR, compiling. 
[2019.01.14-15.51.24:617][165]LogShaderCompilers: Display: Shaders left to compile 21
[2019.01.14-15.51.24:617][165]LogShaderCompilers: Display: Shaders left to compile 20
[2019.01.14-15.51.24:617][165]LogShaderCompilers: Display: Shaders left to compile 19
[2019.01.14-15.51.24:617][165]LogShaderCompilers: Display: Shaders left to compile 18
[2019.01.14-15.51.24:617][165]LogMaterial: Display: Missing cached shader map for material FMatExpressionPreview MaterialExpressionVectorParameter_0, compiling. 
[2019.01.14-15.51.24:828][178]LogShaderCompilers: Display: Shaders left to compile 19
[2019.01.14-15.51.24:867][181]LogShaderCompilers: Display: Shaders left to compile 18
[2019.01.14-15.51.24:878][182]LogShaderCompilers: Display: Shaders left to compile 17
[2019.01.14-15.51.24:878][182]LogShaderCompilers: Display: Shaders left to compile 16
[2019.01.14-15.51.25:003][191]LogShaderCompilers: Display: Shaders left to compile 15
[2019.01.14-15.51.25:032][193]LogShaderCompilers: Display: Shaders left to compile 14
[2019.01.14-15.51.25:057][195]LogShaderCompilers: Display: Shaders left to compile 13
[2019.01.14-15.51.25:080][197]LogShaderCompilers: Display: Shaders left to compile 12
[2019.01.14-15.51.25:156][203]LogShaderCompilers: Display: Shaders left to compile 11
[2019.01.14-15.51.25:328][214]LogShaderCompilers: Display: Shaders left to compile 10
[2019.01.14-15.51.25:457][224]LogShaderCompilers: Display: Shaders left to compile 9
[2019.01.14-15.51.25:480][226]LogShaderCompilers: Display: Shaders left to compile 8
[2019.01.14-15.51.25:540][231]LogShaderCompilers: Display: Shaders left to compile 7
[2019.01.14-15.51.25:708][243]LogShaderCompilers: Display: Shaders left to compile 6
[2019.01.14-15.51.25:736][245]LogShaderCompilers: Display: Shaders left to compile 5
[2019.01.14-15.51.25:907][258]LogShaderCompilers: Display: Shaders left to compile 4
[2019.01.14-15.51.25:944][261]LogShaderCompilers: Display: Shaders left to compile 3
[2019.01.14-15.51.26:002][266]LogShaderCompilers: Display: Shaders left to compile 2
[2019.01.14-15.51.26:103][275]LogShaderCompilers: Display: Shaders left to compile 1
[2019.01.14-15.51.26:432][306]LogMaterial: Display: Missing cached shader map for material M_WBox_IR, compiling. 
[2019.01.14-15.51.26:447][306]LogShaderCompilers: Display: Shaders left to compile 21
[2019.01.14-15.51.26:447][306]LogShaderCompilers: Display: Shaders left to compile 20
[2019.01.14-15.51.26:447][306]LogShaderCompilers: Display: Shaders left to compile 19
[2019.01.14-15.51.26:447][306]LogShaderCompilers: Display: Shaders left to compile 18
[2019.01.14-15.51.26:447][306]LogMaterial: Display: Missing cached shader map for material FMatExpressionPreview MaterialExpressionVectorParameter_0, compiling. 
[2019.01.14-15.51.26:680][322]LogShaderCompilers: Display: Shaders left to compile 19
[2019.01.14-15.51.26:693][323]LogShaderCompilers: Display: Shaders left to compile 18
[2019.01.14-15.51.26:704][324]LogShaderCompilers: Display: Shaders left to compile 17
[2019.01.14-15.51.26:716][325]LogShaderCompilers: Display: Shaders left to compile 16
[2019.01.14-15.51.26:866][335]LogShaderCompilers: Display: Shaders left to compile 15
[2019.01.14-15.51.26:878][336]LogShaderCompilers: Display: Shaders left to compile 14
[2019.01.14-15.51.26:890][337]LogShaderCompilers: Display: Shaders left to compile 13
[2019.01.14-15.51.26:900][338]LogShaderCompilers: Display: Shaders left to compile 12
[2019.01.14-15.51.27:025][347]LogShaderCompilers: Display: Shaders left to compile 11
[2019.01.14-15.51.27:156][355]LogShaderCompilers: Display: Shaders left to compile 10
[2019.01.14-15.51.27:300][365]LogShaderCompilers: Display: Shaders left to compile 9
[2019.01.14-15.51.27:352][369]LogShaderCompilers: Display: Shaders left to compile 8
[2019.01.14-15.51.27:447][375]LogShaderCompilers: Display: Shaders left to compile 7
[2019.01.14-15.51.27:549][383]LogShaderCompilers: Display: Shaders left to compile 6
[2019.01.14-15.51.27:578][385]LogShaderCompilers: Display: Shaders left to compile 5
[2019.01.14-15.51.27:785][399]LogShaderCompilers: Display: Shaders left to compile 4
[2019.01.14-15.51.27:801][400]LogShaderCompilers: Display: Shaders left to compile 3
[2019.01.14-15.51.27:901][408]LogShaderCompilers: Display: Shaders left to compile 2
[2019.01.14-15.51.27:970][413]LogShaderCompilers: Display: Shaders left to compile 1
[2019.01.14-15.51.28:182][429]MaterialEditorStats: Base pass shader: 101 instructions
[2019.01.14-15.51.28:182][429]MaterialEditorStats: Base pass shader with Volumetric Lightmap: 174 instructions
[2019.01.14-15.51.28:182][429]MaterialEditorStats: Base pass vertex shader: 32 instructions
[2019.01.14-15.51.28:182][429]MaterialEditorStats: Texture samplers: 3/16
[2019.01.14-15.51.28:961][498]LogMaterial: Display: Missing cached shader map for material M_WBox_IR, compiling. 
[2019.01.14-15.51.28:980][498]LogShaderCompilers: Display: Shaders left to compile 21
[2019.01.14-15.51.28:980][498]LogShaderCompilers: Display: Shaders left to compile 20
[2019.01.14-15.51.28:980][498]LogShaderCompilers: Display: Shaders left to compile 19
[2019.01.14-15.51.28:980][498]LogShaderCompilers: Display: Shaders left to compile 18
[2019.01.14-15.51.28:980][498]LogMaterial: Display: Missing cached shader map for material FMatExpressionPreview MaterialExpressionVectorParameter_0, compiling. 
[2019.01.14-15.51.29:005][498]LogSlate: Window 'Color Picker' being destroyed
[2019.01.14-15.51.29:555][536]LogShaderCompilers: Display: Shaders left to compile 19
[2019.01.14-15.51.29:569][537]LogShaderCompilers: Display: Shaders left to compile 18
[2019.01.14-15.51.29:584][538]LogShaderCompilers: Display: Shaders left to compile 17
[2019.01.14-15.51.29:584][538]LogShaderCompilers: Display: Shaders left to compile 16
[2019.01.14-15.51.29:714][546]LogShaderCompilers: Display: Shaders left to compile 15
[2019.01.14-15.51.29:740][548]LogShaderCompilers: Display: Shaders left to compile 14
[2019.01.14-15.51.29:762][550]LogShaderCompilers: Display: Shaders left to compile 13
[2019.01.14-15.51.29:772][551]LogShaderCompilers: Display: Shaders left to compile 12
[2019.01.14-15.51.29:880][561]LogShaderCompilers: Display: Shaders left to compile 11
[2019.01.14-15.51.30:038][572]LogShaderCompilers: Display: Shaders left to compile 10
[2019.01.14-15.51.30:164][581]LogShaderCompilers: Display: Shaders left to compile 9
[2019.01.14-15.51.30:227][586]LogShaderCompilers: Display: Shaders left to compile 8
[2019.01.14-15.51.30:311][592]LogShaderCompilers: Display: Shaders left to compile 7
[2019.01.14-15.51.30:418][601]LogShaderCompilers: Display: Shaders left to compile 6
[2019.01.14-15.51.30:460][604]LogShaderCompilers: Display: Shaders left to compile 5
[2019.01.14-15.51.30:662][619]LogShaderCompilers: Display: Shaders left to compile 4
[2019.01.14-15.51.30:677][620]LogShaderCompilers: Display: Shaders left to compile 3
[2019.01.14-15.51.30:774][628]LogShaderCompilers: Display: Shaders left to compile 2
[2019.01.14-15.51.30:839][633]LogShaderCompilers: Display: Shaders left to compile 1
[2019.01.14-15.51.31:047][649]MaterialEditorStats: Base pass shader: 101 instructions
[2019.01.14-15.51.31:047][649]MaterialEditorStats: Base pass shader with Volumetric Lightmap: 174 instructions
[2019.01.14-15.51.31:047][649]MaterialEditorStats: Base pass vertex shader: 32 instructions
[2019.01.14-15.51.31:047][649]MaterialEditorStats: Texture samplers: 3/16
[2019.01.14-15.51.35:494][ 59]LogMaterialEditor: Saving and Compiling material M_WBox_IR
[2019.01.14-15.51.35:969][ 59]LogMaterial: Display: Missing cached shader map for material M_WBox_IR, compiling. 
[2019.01.14-15.51.36:011][ 59]LogShaderCompilers: Display: Shaders left to compile 21
[2019.01.14-15.51.36:011][ 59]LogShaderCompilers: Display: Shaders left to compile 20
[2019.01.14-15.51.36:011][ 59]LogShaderCompilers: Display: Shaders left to compile 19
[2019.01.14-15.51.36:011][ 59]LogShaderCompilers: Display: Shaders left to compile 18
[2019.01.14-15.51.36:026][ 59]LogMaterial: Display: Missing cached shader map for material M_WBox_IR, compiling. 
[2019.01.14-15.51.36:042][ 59]LogMaterial: Display: Missing cached shader map for material M_WBox_IR, compiling. 
[2019.01.14-15.51.36:086][ 59]LogMaterial: Display: Missing cached shader map for material FDebugViewModeMaterialProxy M_WBox_IR, compiling. 
[2019.01.14-15.51.37:243][ 59]LogShaderCompilers: Display: Shaders left to compile 40
[2019.01.14-15.51.37:243][ 59]LogShaderCompilers: Display: Shaders left to compile 39
[2019.01.14-15.51.37:243][ 59]LogShaderCompilers: Display: Shaders left to compile 38
[2019.01.14-15.51.37:243][ 59]LogShaderCompilers: Display: Shaders left to compile 37
[2019.01.14-15.51.37:243][ 59]LogShaderCompilers: Display: Shaders left to compile 36
[2019.01.14-15.51.37:243][ 59]LogShaderCompilers: Display: Shaders left to compile 35
[2019.01.14-15.51.37:243][ 59]LogShaderCompilers: Display: Shaders left to compile 34
[2019.01.14-15.51.37:243][ 59]LogShaderCompilers: Display: Shaders left to compile 33
[2019.01.14-15.51.37:243][ 59]LogShaderCompilers: Display: Shaders left to compile 32
[2019.01.14-15.51.37:243][ 59]LogShaderCompilers: Display: Shaders left to compile 31
[2019.01.14-15.51.37:243][ 59]LogShaderCompilers: Display: Shaders left to compile 30
[2019.01.14-15.51.37:243][ 59]LogShaderCompilers: Display: Shaders left to compile 29
[2019.01.14-15.51.37:243][ 59]LogShaderCompilers: Display: Shaders left to compile 28
[2019.01.14-15.51.37:243][ 59]LogShaderCompilers: Display: Shaders left to compile 27
[2019.01.14-15.51.37:243][ 59]LogShaderCompilers: Display: Shaders left to compile 26
[2019.01.14-15.51.37:243][ 59]LogShaderCompilers: Display: Shaders left to compile 25
[2019.01.14-15.51.37:243][ 59]LogShaderCompilers: Display: Shaders left to compile 24
[2019.01.14-15.51.37:243][ 59]LogShaderCompilers: Display: Shaders left to compile 23
[2019.01.14-15.51.37:243][ 59]LogShaderCompilers: Display: Shaders left to compile 22
[2019.01.14-15.51.37:243][ 59]LogShaderCompilers: Display: Shaders left to compile 12
[2019.01.14-15.51.37:243][ 59]LogShaderCompilers: Display: Shaders left to compile 2
[2019.01.14-15.51.37:245][ 59]TextureStreamingBuild: Display: Compiling optional shaders took 1.165 seconds.
[2019.01.14-15.51.39:383][ 59]Cmd: OBJ SAVEPACKAGE PACKAGE="/Game/M_WBox_IR" FILE="../../../../../../Users/u0963460/Documents/GitHub/IR_assetpipeline/WhiteBox/Content/M_WBox_IR.uasset" SILENT=true
[2019.01.14-15.51.39:414][ 59]LogSavePackage: Moving '../../../../../../Users/u0963460/Documents/GitHub/IR_assetpipeline/WhiteBox/Saved/M_WBox_IR0FA7FBC44181BFE9E1BEE28F7D54FD63.tmp' to '../../../../../../Users/u0963460/Documents/GitHub/IR_assetpipeline/WhiteBox/Content/M_WBox_IR.uasset'
[2019.01.14-15.51.41:744][262]LogSlate: Window 'M_WBox_IR' being destroyed
[2019.01.14-15.53.09:847][874]LogAssetEditorManager: Opening Asset editor for MaterialInstanceConstant /Game/MI_WBox_IR.MI_WBox_IR
[2019.01.14-15.53.52:518][359]LogSlate: Window 'Color Picker' being destroyed
[2019.01.14-15.54.04:213][695]Cmd: OBJ SAVEPACKAGE PACKAGE="/Game/MI_WBox_IR" FILE="../../../../../../Users/u0963460/Documents/GitHub/IR_assetpipeline/WhiteBox/Content/MI_WBox_IR.uasset" SILENT=true
[2019.01.14-15.54.04:239][695]LogMaterial: Display: Missing cached shader map for material FDebugViewModeMaterialProxy MI_WBox_IR, compiling. 
[2019.01.14-15.54.04:648][695]LogShaderCompilers: Display: Shaders left to compile 1
[2019.01.14-15.54.04:649][695]TextureStreamingBuild: Display: Compiling optional shaders took 0.414 seconds.
[2019.01.14-15.54.04:681][695]LogSavePackage: Moving '../../../../../../Users/u0963460/Documents/GitHub/IR_assetpipeline/WhiteBox/Saved/MI_WBox_IR47101DA4430E2B176644519D12F47011.tmp' to '../../../../../../Users/u0963460/Documents/GitHub/IR_assetpipeline/WhiteBox/Content/MI_WBox_IR.uasset'
[2019.01.14-15.54.07:397][999]LogSlate: Window 'MI_WBox_IR' being destroyed
[2019.01.14-15.54.17:641][993]LogAssetEditorManager: Opening Asset editor for MaterialInstanceConstant /Game/M_WBox_IR_Inst.M_WBox_IR_Inst
[2019.01.14-15.54.19:707][175]LogSlate: Window 'M_WBox_IR_Inst*' being destroyed
[2019.01.14-15.54.19:711][175]LogSlate: Window 'M_WBox_IR_Inst*' being destroyed
[2019.01.14-15.54.19:746][175]LogMaterial: Display: Missing cached shader map for material FDebugViewModeMaterialProxy M_WBox_IR_Inst, compiling. 
[2019.01.14-15.54.19:871][175]LogShaderCompilers: Display: Shaders left to compile 1
[2019.01.14-15.54.19:872][175]TextureStreamingBuild: Display: Compiling optional shaders took 0.128 seconds.
[2019.01.14-15.54.53:291][597]Cmd: OBJ SAVEPACKAGE PACKAGE="/Game/MI_WBoxRoad_IR" FILE="../../../../../../Users/u0963460/Documents/GitHub/IR_assetpipeline/WhiteBox/Content/MI_WBoxRoad_IR.uasset" SILENT=true
[2019.01.14-15.54.53:318][597]LogSavePackage: Moving '../../../../../../Users/u0963460/Documents/GitHub/IR_assetpipeline/WhiteBox/Saved/MI_WBoxRoad_IR4B61CCB64B5B82067DF7B6B1C5530E8E.tmp' to '../../../../../../Users/u0963460/Documents/GitHub/IR_assetpipeline/WhiteBox/Content/MI_WBoxRoad_IR.uasset'
[2019.01.14-15.55.18:350][360]LogEditorViewport: Clicking on Actor (LMB): StaticMeshActor (Floor)
[2019.01.14-15.55.30:947][845]LogSlate: FSceneViewport::OnFocusLost() reason 0
[2019.01.14-15.55.58:208][986]LogSavePackage: Moving '../../../../../../Users/u0963460/Documents/GitHub/IR_assetpipeline/WhiteBox/Saved/Untitled_1_Auto1F3615DB743C83147BABB3D952D7DE43A.tmp' to '../../../../../../Users/u0963460/Documents/GitHub/IR_assetpipeline/WhiteBox/Saved/Autosaves/Temp/Untitled_1_Auto1.umap'
[2019.01.14-15.55.58:212][986]LogFileHelpers: Editor autosave (incl. sublevels) for '/Temp/Untitled_1' took 0.052
[2019.01.14-15.55.58:212][986]LogFileHelpers: Editor autosave (incl. sublevels) for all levels took 0.052
[2019.01.14-15.56.38:244][717]Cmd: BRUSH ADD SELECTNEWBRUSH
[2019.01.14-15.57.04:747][870]Cmd: DELETE
[2019.01.14-15.57.04:747][870]Cmd: ACTOR DELETE
[2019.01.14-15.57.04:761][870]LogEditorActor: Deleted Actor: Brush
[2019.01.14-15.57.04:788][870]LogEditorActor: Deleted 1 Actors (0.031 secs)
[2019.01.14-15.57.09:760][362]LogSlate: FSceneViewport::OnFocusLost() reason 0
[2019.01.14-15.57.13:650][751]Cmd: BRUSH ADD SELECTNEWBRUSH
[2019.01.14-15.57.30:356][641]LogSlate: FSceneViewport::OnFocusLost() reason 0
[2019.01.14-15.57.38:881][653]Cmd: TRANSACTION UNDO
[2019.01.14-15.57.38:881][653]LogEditorTransaction: Undo Scale Actors
[2019.01.14-15.58.19:724][158]LogSlate: FSceneViewport::OnFocusLost() reason 0
[2019.01.14-15.59.20:770][423]Cmd: CAMERA ALIGN ACTIVEVIEWPORTONLY
[2019.01.14-15.59.54:941][444]Cmd: EDIT COPY
[2019.01.14-15.59.55:762][542]Cmd: EDIT PASTE
[2019.01.14-16.00.22:148][680]LogSlate: FSceneViewport::OnFocusLost() reason 0
[2019.01.14-16.00.45:105][395]LogEditorViewport: Clicking on Actor (LMB): BP_Sky_Sphere_C (Sky Sphere)
[2019.01.14-16.01.11:971][489]LogSlate: FSceneViewport::OnFocusLost() reason 0
[2019.01.14-16.01.12:055][499]Cmd: MODE SCALEGRID=0
[2019.01.14-16.01.13:152][621]Cmd: MODE ROTGRID=0
[2019.01.14-16.01.13:722][683]Cmd: MODE GRID=0
[2019.01.14-16.01.14:708][752]Cmd: MODE GRID=1
[2019.01.14-16.01.15:198][804]Cmd: MODE ROTGRID=1
[2019.01.14-16.01.15:828][873]Cmd: MODE SCALEGRID=1
[2019.01.14-16.03.00:664][547]LogSlate: FSceneViewport::OnFocusLost() reason 2
[2019.01.14-16.03.13:612][ 65]LogSlate: FSceneViewport::OnFocusLost() reason 0
[2019.01.14-16.03.21:804][ 22]LogEditorViewport: Clicking on Actor (LMB): BP_Sky_Sphere_C (Sky Sphere)
[2019.01.14-16.04.01:660][667]LogSlate: FSceneViewport::OnFocusLost() reason 0
[2019.01.14-16.04.20:330][868]Cmd: BRUSH ADD SELECTNEWBRUSH
[2019.01.14-16.05.42:786][530]LogSlate: FSceneViewport::OnFocusLost() reason 2
[2019.01.14-16.06.18:631][776]LogEditorViewport: Clicking on Actor (LMB): Brush (Cylinder Brush)
[2019.01.14-16.06.22:245][192]LogSlate: FSceneViewport::OnFocusLost() reason 2
[2019.01.14-16.07.05:135][316]LogSlate: FSceneViewport::OnFocusLost() reason 2
[2019.01.14-16.07.05:250][316]LogSavePackage: Moving '../../../../../../Users/u0963460/Documents/GitHub/IR_assetpipeline/WhiteBox/Saved/Untitled_1_Auto2F694126244313B34BB3A1E8B09DB5120.tmp' to '../../../../../../Users/u0963460/Documents/GitHub/IR_assetpipeline/WhiteBox/Saved/Autosaves/Temp/Untitled_1_Auto2.umap'
[2019.01.14-16.07.05:253][316]LogFileHelpers: Editor autosave (incl. sublevels) for '/Temp/Untitled_1' took 0.090
[2019.01.14-16.07.05:253][316]LogFileHelpers: Editor autosave (incl. sublevels) for all levels took 0.090
[2019.01.14-16.07.17:127][731]LogEditorViewport: Clicking Background
[2019.01.14-16.07.19:093][964]LogSlate: FSceneViewport::OnFocusLost() reason 2
[2019.01.14-16.07.19:513][ 13]LogSlate: FSceneViewport::OnFocusLost() reason 2
[2019.01.14-16.07.20:479][128]LogSlate: FSceneViewport::OnFocusLost() reason 2
[2019.01.14-16.07.30:746][193]LogSlate: FSceneViewport::OnFocusLost() reason 0
[2019.01.14-16.07.41:046][396]LogEditorViewport: Clicking on Actor (LMB): BP_Sky_Sphere_C (Sky Sphere)
[2019.01.14-16.07.50:343][464]LogSlate: FSceneViewport::OnFocusLost() reason 0
[2019.01.14-16.07.54:644][962]LogSlate: FSceneViewport::OnFocusLost() reason 0
[2019.01.14-16.07.59:457][525]LogEditorViewport: Clicking on Actor (LMB): BP_Sky_Sphere_C (Sky Sphere)
[2019.01.14-16.08.09:871][744]LogEditorViewport: Clicking on Actor (LMB): BP_Sky_Sphere_C (Sky Sphere)
[2019.01.14-16.08.10:724][841]LogEditorViewport: Clicking on Actor (LMB): BP_Sky_Sphere_C (Sky Sphere)
[2019.01.14-16.08.15:189][370]LogSlate: FSceneViewport::OnFocusLost() reason 2
[2019.01.14-16.08.16:161][486]LogEditorViewport: Clicking on Actor (LMB): BP_Sky_Sphere_C (Sky Sphere)
[2019.01.14-16.08.17:356][613]LogSlate: FSceneViewport::OnFocusLost() reason 0
[2019.01.14-16.08.17:983][681]Cmd: BRUSH ADD SELECTNEWBRUSH
[2019.01.14-16.08.20:219][942]LogSlate: FSceneViewport::OnFocusLost() reason 2
[2019.01.14-16.08.31:110][220]LogSlate: FSceneViewport::OnFocusLost() reason 0
[2019.01.14-16.08.38:298][ 70]LogSlate: FSceneViewport::OnFocusLost() reason 0
[2019.01.14-16.08.42:507][563]LogSlate: FSceneViewport::OnFocusLost() reason 0
[2019.01.14-16.09.40:673][519]LogSlate: FSceneViewport::OnFocusLost() reason 2
[2019.01.14-16.09.45:390][ 72]LogEditorViewport: Clicking on Actor (LMB): BP_Sky_Sphere_C (Sky Sphere)
[2019.01.14-16.09.49:134][509]LogSlate: FSceneViewport::OnFocusLost() reason 0
[2019.01.14-16.10.13:909][322]Cmd: DELETE
[2019.01.14-16.10.13:910][322]Cmd: ACTOR DELETE
[2019.01.14-16.10.13:914][322]LogEditorActor: Deleted Actor: Brush
[2019.01.14-16.10.13:940][322]LogEditorActor: Deleted 1 Actors (0.030 secs)
[2019.01.14-16.10.15:580][518]Cmd: TRANSACTION UNDO
[2019.01.14-16.10.15:580][518]LogEditorTransaction: Undo Delete Actors
[2019.01.14-16.10.15:894][547]Cmd: TRANSACTION UNDO
[2019.01.14-16.10.15:894][547]LogEditorTransaction: Undo Move Actors
[2019.01.14-16.10.15:910][547]LogActorComponent: ~FComponentReregisterContext: (/Temp/Untitled_1.Untitled_1:PersistentLevel.CylinderBrush.BrushComponent0) Component already registered.
[2019.01.14-16.10.16:235][577]Cmd: TRANSACTION UNDO
[2019.01.14-16.10.16:235][577]LogEditorTransaction: Undo Move Actors
[2019.01.14-16.10.16:254][577]LogActorComponent: ~FComponentReregisterContext: (/Temp/Untitled_1.Untitled_1:PersistentLevel.BoxBrush4.BrushComponent0) Component already registered.
[2019.01.14-16.10.58:294][488]LogSlate: FSceneViewport::OnFocusLost() reason 0
[2019.01.14-16.11.38:283][196]LogEditorViewport: Clicking on Actor (LMB): BP_Sky_Sphere_C (Sky Sphere)
[2019.01.14-16.13.33:625][322]LogEditorViewport: Clicking on Actor (LMB): BP_Sky_Sphere_C (Sky Sphere)
[2019.01.14-16.13.55:297][874]Cmd: CAMERA ALIGN ACTIVEVIEWPORTONLY
[2019.01.14-16.14.55:848][ 72]LogEditorViewport: Clicking on Actor (LMB): BP_Sky_Sphere_C (Sky Sphere)
[2019.01.14-16.15.06:543][347]LogEditorViewport: Clicking on Actor (LMB): BP_Sky_Sphere_C (Sky Sphere)
[2019.01.14-16.15.09:482][694]LogEditorViewport: Clicking on Actor (LMB): BP_Sky_Sphere_C (Sky Sphere)
[2019.01.14-16.16.27:019][861]LogSlate: FSceneViewport::OnFocusLost() reason 0
[2019.01.14-16.16.47:750][176]LogSlate: FSceneViewport::OnFocusLost() reason 0
[2019.01.14-16.17.36:983][921]LogEditorViewport: Clicking on Actor (LMB): BP_Sky_Sphere_C (Sky Sphere)
[2019.01.14-16.18.19:539][450]Cmd: TRANSACTION UNDO
[2019.01.14-16.18.19:539][450]LogEditorTransaction: Undo Clicking on Actors
[2019.01.14-16.18.20:088][492]Cmd: TRANSACTION UNDO
[2019.01.14-16.18.20:088][492]LogEditorTransaction: Undo Move Actors
[2019.01.14-16.18.20:126][492]LogActorComponent: ~FComponentReregisterContext: (/Temp/Untitled_1.Untitled_1:PersistentLevel.BoxBrush3.BrushComponent0) Component already registered.
[2019.01.14-16.18.20:624][518]Cmd: TRANSACTION UNDO
[2019.01.14-16.18.20:624][518]LogEditorTransaction: Undo Move Actors
[2019.01.14-16.18.21:155][544]Cmd: TRANSACTION UNDO
[2019.01.14-16.18.21:155][544]LogEditorTransaction: Undo Move Actors
[2019.01.14-16.18.21:191][544]LogActorComponent: ~FComponentReregisterContext: (/Temp/Untitled_1.Untitled_1:PersistentLevel.BoxBrush6.BrushComponent0) Component already registered.
[2019.01.14-16.18.21:604][566]Cmd: TRANSACTION UNDO
[2019.01.14-16.18.21:605][566]LogEditorTransaction: Undo Move Actors
[2019.01.14-16.18.21:637][566]LogActorComponent: ~FComponentReregisterContext: (/Temp/Untitled_1.Untitled_1:PersistentLevel.BoxBrush5.BrushComponent0) Component already registered.
[2019.01.14-16.18.21:639][566]LogActorComponent: ~FComponentReregisterContext: (/Temp/Untitled_1.Untitled_1:PersistentLevel.SubtractiveBrush3.BrushComponent0) Component already registered.
[2019.01.14-16.18.23:623][712]Cmd: TRANSACTION UNDO
[2019.01.14-16.18.23:623][712]LogEditorTransaction: Undo Move Actors
[2019.01.14-16.18.23:645][712]LogActorComponent: ~FComponentReregisterContext: (/Temp/Untitled_1.Untitled_1:PersistentLevel.BoxBrush5.BrushComponent0) Component already registered.
[2019.01.14-16.18.23:647][712]LogActorComponent: ~FComponentReregisterContext: (/Temp/Untitled_1.Untitled_1:PersistentLevel.SubtractiveBrush3.BrushComponent0) Component already registered.
[2019.01.14-16.18.24:438][796]Cmd: TRANSACTION UNDO
[2019.01.14-16.18.24:439][796]LogEditorTransaction: Undo Edit Y
[2019.01.14-16.18.24:462][796]LogActorComponent: ~FComponentReregisterContext: (/Temp/Untitled_1.Untitled_1:PersistentLevel.BoxBrush4.BrushComponent0) Component already registered.
[2019.01.14-16.18.24:464][796]LogActorComponent: ~FComponentReregisterContext: (/Temp/Untitled_1.Untitled_1:PersistentLevel.BoxBrush7.BrushComponent0) Component already registered.
[2019.01.14-16.18.24:464][796]LogActorComponent: ~FComponentReregisterContext: (/Temp/Untitled_1.Untitled_1:PersistentLevel.SubtractiveBrush3.BrushComponent0) Component already registered.
[2019.01.14-16.18.24:966][847]Cmd: TRANSACTION UNDO
[2019.01.14-16.18.24:966][847]LogEditorTransaction: Undo Edit X
[2019.01.14-16.18.24:988][847]LogActorComponent: ~FComponentReregisterContext: (/Temp/Untitled_1.Untitled_1:PersistentLevel.BoxBrush4.BrushComponent0) Component already registered.
[2019.01.14-16.18.24:991][847]LogActorComponent: ~FComponentReregisterContext: (/Temp/Untitled_1.Untitled_1:PersistentLevel.BoxBrush7.BrushComponent0) Component already registered.
[2019.01.14-16.18.24:992][847]LogActorComponent: ~FComponentReregisterContext: (/Temp/Untitled_1.Untitled_1:PersistentLevel.SubtractiveBrush3.BrushComponent0) Component already registered.
[2019.01.14-16.18.25:371][886]Cmd: TRANSACTION UNDO
[2019.01.14-16.18.25:371][886]LogEditorTransaction: Undo Move Actors
[2019.01.14-16.18.25:395][886]LogActorComponent: ~FComponentReregisterContext: (/Temp/Untitled_1.Untitled_1:PersistentLevel.CylinderBrush.BrushComponent0) Component already registered.
[2019.01.14-16.18.26:963][ 51]LogEditorViewport: Clicking on Actor (LMB): BP_Sky_Sphere_C (Sky Sphere)
[2019.01.14-16.18.46:252][310]Cmd: TRANSACTION UNDO
[2019.01.14-16.18.46:252][310]LogEditorTransaction: Undo Move Actors
[2019.01.14-16.18.46:265][310]LogActorComponent: ~FComponentReregisterContext: (/Temp/Untitled_1.Untitled_1:PersistentLevel.BoxBrush4.BrushComponent0) Component already registered.
[2019.01.14-16.18.46:267][310]LogActorComponent: ~FComponentReregisterContext: (/Temp/Untitled_1.Untitled_1:PersistentLevel.BoxBrush8.BrushComponent0) Component already registered.
[2019.01.14-16.18.46:267][310]LogActorComponent: ~FComponentReregisterContext: (/Temp/Untitled_1.Untitled_1:PersistentLevel.SubtractiveBrush.BrushComponent0) Component already registered.
[2019.01.14-16.18.46:651][348]Cmd: TRANSACTION UNDO
[2019.01.14-16.18.46:651][348]LogEditorTransaction: Undo Move Actors
[2019.01.14-16.18.46:667][348]LogActorComponent: ~FComponentReregisterContext: (/Temp/Untitled_1.Untitled_1:PersistentLevel.BoxBrush4.BrushComponent0) Component already registered.
[2019.01.14-16.18.46:669][348]LogActorComponent: ~FComponentReregisterContext: (/Temp/Untitled_1.Untitled_1:PersistentLevel.BoxBrush8.BrushComponent0) Component already registered.
[2019.01.14-16.18.46:669][348]LogActorComponent: ~FComponentReregisterContext: (/Temp/Untitled_1.Untitled_1:PersistentLevel.SubtractiveBrush.BrushComponent0) Component already registered.
[2019.01.14-16.18.49:195][619]LogEditorViewport: Clicking on Actor (LMB): BP_Sky_Sphere_C (Sky Sphere)
[2019.01.14-16.18.55:525][354]LogEditorViewport: Clicking on Actor (LMB): BP_Sky_Sphere_C (Sky Sphere)
[2019.01.14-16.19.04:812][461]Cmd: TRANSACTION UNDO
[2019.01.14-16.19.04:812][461]LogEditorTransaction: Undo Clicking on Actors
[2019.01.14-16.19.05:651][551]Cmd: TRANSACTION UNDO
[2019.01.14-16.19.05:651][551]LogEditorTransaction: Undo Move Actors
[2019.01.14-16.19.05:672][551]LogActorComponent: ~FComponentReregisterContext: (/Temp/Untitled_1.Untitled_1:PersistentLevel.BoxBrush4.BrushComponent0) Component already registered.
[2019.01.14-16.19.05:674][551]LogActorComponent: ~FComponentReregisterContext: (/Temp/Untitled_1.Untitled_1:PersistentLevel.BoxBrush8.BrushComponent0) Component already registered.
[2019.01.14-16.19.05:674][551]LogActorComponent: ~FComponentReregisterContext: (/Temp/Untitled_1.Untitled_1:PersistentLevel.SubtractiveBrush.BrushComponent0) Component already registered.
[2019.01.14-16.19.07:005][691]LogEditorViewport: Clicking on Actor (LMB): BP_Sky_Sphere_C (Sky Sphere)
[2019.01.14-16.19.09:268][932]Cmd: TRANSACTION UNDO
[2019.01.14-16.19.09:268][932]LogEditorTransaction: Undo Clicking on Actors
[2019.01.14-16.19.09:758][982]Cmd: TRANSACTION UNDO
[2019.01.14-16.19.09:758][982]LogEditorTransaction: Undo Select Brush Surface
[2019.01.14-16.19.10:947][103]Cmd: TRANSACTION UNDO
[2019.01.14-16.19.10:947][103]LogEditorTransaction: Undo Clicking on Actors
[2019.01.14-16.19.11:277][137]Cmd: TRANSACTION UNDO
[2019.01.14-16.19.11:277][137]LogEditorTransaction: Undo Move Actors
[2019.01.14-16.19.11:299][137]LogActorComponent: ~FComponentReregisterContext: (/Temp/Untitled_1.Untitled_1:PersistentLevel.BoxBrush4.BrushComponent0) Component already registered.
[2019.01.14-16.19.11:301][137]LogActorComponent: ~FComponentReregisterContext: (/Temp/Untitled_1.Untitled_1:PersistentLevel.BoxBrush8.BrushComponent0) Component already registered.
[2019.01.14-16.19.11:301][137]LogActorComponent: ~FComponentReregisterContext: (/Temp/Untitled_1.Untitled_1:PersistentLevel.SubtractiveBrush.BrushComponent0) Component already registered.
[2019.01.14-16.19.14:084][433]LogEditorViewport: Clicking on Actor (LMB): BP_Sky_Sphere_C (Sky Sphere)
[2019.01.14-16.19.53:012][ 42]LogEditorViewport: Clicking on Actor (LMB): BP_Sky_Sphere_C (Sky Sphere)
[2019.01.14-16.20.15:990][769]Cmd: CAMERA ALIGN ACTIVEVIEWPORTONLY
[2019.01.14-16.20.24:000][713]LogEditorViewport: Clicking on Actor (LMB): BP_Sky_Sphere_C (Sky Sphere)
[2019.01.14-16.21.11:638][366]LogEditorViewport: Clicking on Actor (LMB): BP_Sky_Sphere_C (Sky Sphere)
[2019.01.14-16.22.14:362][727]LogSlate: FSceneViewport::OnFocusLost() reason 2
[2019.01.14-16.22.14:579][727]LogSavePackage: Moving '../../../../../../Users/u0963460/Documents/GitHub/IR_assetpipeline/WhiteBox/Saved/Untitled_1_Auto35FB0E4194BC83DCB4FF004A918AB7E96.tmp' to '../../../../../../Users/u0963460/Documents/GitHub/IR_assetpipeline/WhiteBox/Saved/Autosaves/Temp/Untitled_1_Auto3.umap'
[2019.01.14-16.22.14:585][727]LogFileHelpers: Editor autosave (incl. sublevels) for '/Temp/Untitled_1' took 0.200
[2019.01.14-16.22.14:585][727]LogFileHelpers: Editor autosave (incl. sublevels) for all levels took 0.200
[2019.01.14-16.23.14:288][795]Cmd: TRANSACTION UNDO
[2019.01.14-16.23.14:288][795]LogEditorTransaction: Undo Move Actors
[2019.01.14-16.23.14:315][795]LogActorComponent: ~FComponentReregisterContext: (/Temp/Untitled_1.Untitled_1:PersistentLevel.SubtractiveBrush4.BrushComponent0) Component already registered.
[2019.01.14-16.23.16:387][ 13]LogEditorViewport: Clicking on Actor (LMB): BP_Sky_Sphere_C (Sky Sphere)
[2019.01.14-16.24.27:936][997]LogEditorViewport: Clicking on Actor (LMB): BP_Sky_Sphere_C (Sky Sphere)
[2019.01.14-16.24.34:329][747]Cmd: CAMERA ALIGN ACTIVEVIEWPORTONLY
[2019.01.14-16.25.08:513][828]LogEditorViewport: Clicking on Actor (LMB): BP_Sky_Sphere_C (Sky Sphere)
[2019.01.14-16.25.30:878][477]LogEditorViewport: Clicking on Actor (LMB): BP_Sky_Sphere_C (Sky Sphere)
[2019.01.14-16.25.50:557][762]LogSlate: FSceneViewport::OnFocusLost() reason 0
[2019.01.14-16.25.57:651][774]LogSlate: Window 'Save Content' being destroyed
[2019.01.14-16.26.23:276][774]LogSlate: Window 'Save Level As' being destroyed
[2019.01.14-16.26.24:701][774]Cmd: OBJ SAVEPACKAGE PACKAGE="/Game/WhiteBox_IR" FILE="../../../../../../Users/u0963460/Documents/GitHub/IR_assetpipeline/WhiteBox/Content/WhiteBox_IR.umap" SILENT=true AUTOSAVING=false KEEPDIRTY=false
[2019.01.14-16.26.24:908][774]LogSavePackage: Moving '../../../../../../Users/u0963460/Documents/GitHub/IR_assetpipeline/WhiteBox/Saved/WhiteBox_IRF65BCA3C4C5B0EED9DDED2B4E356B7C6.tmp' to '../../../../../../Users/u0963460/Documents/GitHub/IR_assetpipeline/WhiteBox/Content/WhiteBox_IR.umap'
[2019.01.14-16.26.24:935][774]LogFileHelpers: Saving map 'WhiteBox_IR' took 1.650
[2019.01.14-16.26.41:619][436]Cmd: OBJ SAVEPACKAGE PACKAGE="/Game/WhiteBox_IR" FILE="../../../../../../Users/u0963460/Documents/GitHub/IR_assetpipeline/WhiteBox/Content/WhiteBox_IR.umap" SILENT=true AUTOSAVING=false KEEPDIRTY=false
[2019.01.14-16.26.41:747][436]LogSavePackage: Moving '../../../../../../Users/u0963460/Documents/GitHub/IR_assetpipeline/WhiteBox/Saved/WhiteBox_IRAC646A054438E7DA88E1DEBE4135F0F8.tmp' to '../../../../../../Users/u0963460/Documents/GitHub/IR_assetpipeline/WhiteBox/Content/WhiteBox_IR.umap'
[2019.01.14-16.26.41:767][436]Cmd: OBJ SAVEPACKAGE PACKAGE="/Game/WhiteBox_IR_BuiltData" FILE="../../../../../../Users/u0963460/Documents/GitHub/IR_assetpipeline/WhiteBox/Content/WhiteBox_IR_BuiltData.uasset" SILENT=true
[2019.01.14-16.26.41:785][436]LogSavePackage: Moving '../../../../../../Users/u0963460/Documents/GitHub/IR_assetpipeline/WhiteBox/Saved/WhiteBox_IR_BuiltData3A04BD904807E2C1C330E38461C3BA64.tmp' to '../../../../../../Users/u0963460/Documents/GitHub/IR_assetpipeline/WhiteBox/Content/WhiteBox_IR_BuiltData.uasset'
[2019.01.14-16.26.48:437][154]Cmd: OBJ SAVEPACKAGE PACKAGE="/Game/WhiteBox_IR" FILE="../../../../../../Users/u0963460/Documents/GitHub/IR_assetpipeline/WhiteBox/Content/WhiteBox_IR.umap" SILENT=true AUTOSAVING=false KEEPDIRTY=false
[2019.01.14-16.26.48:547][154]LogSavePackage: Moving '../../../../../../Users/u0963460/Documents/GitHub/IR_assetpipeline/WhiteBox/Saved/WhiteBox_IR3D269BC54D2B3B9DFB7BD1B15E505822.tmp' to '../../../../../../Users/u0963460/Documents/GitHub/IR_assetpipeline/WhiteBox/Content/WhiteBox_IR.umap'
[2019.01.14-16.26.48:566][154]Cmd: OBJ SAVEPACKAGE PACKAGE="/Game/WhiteBox_IR_BuiltData" FILE="../../../../../../Users/u0963460/Documents/GitHub/IR_assetpipeline/WhiteBox/Content/WhiteBox_IR_BuiltData.uasset" SILENT=true
[2019.01.14-16.26.48:586][154]LogSavePackage: Moving '../../../../../../Users/u0963460/Documents/GitHub/IR_assetpipeline/WhiteBox/Saved/WhiteBox_IR_BuiltData0DE1A0754ED2F63B057ED5ACC6C30E1F.tmp' to '../../../../../../Users/u0963460/Documents/GitHub/IR_assetpipeline/WhiteBox/Content/WhiteBox_IR_BuiltData.uasset'
