Log file open, 02/04/19 08:21:55
LogWindows: Failed to load 'aqProf.dll' (GetLastError=126)
LogWindows: File 'aqProf.dll' does not exist
LogWindows: Failed to load 'VtuneApi.dll' (GetLastError=126)
LogWindows: File 'VtuneApi.dll' does not exist
LogWindows: Failed to load 'VtuneApi32e.dll' (GetLastError=126)
LogWindows: File 'VtuneApi32e.dll' does not exist
LogInit: Display: Running engine for game: Assetpip
LogPlatformFile: Not using cached read wrapper
LogTaskGraph: Started task graph with 5 named threads and 23 total threads with 3 sets of task threads.
LogStats: Stats thread started at 0.281959
LogD3D11RHI: Loaded GFSDK_Aftermath_Lib.x64.dll
LogICUInternationalization: Display: ICU TimeZone Detection - Raw Offset: -7:00, Platform Override: ''
LogPluginManager: Mounting plugin Paper2D
LogPluginManager: Mounting plugin AISupport
LogPluginManager: Mounting plugin LightPropagationVolume
LogPluginManager: Mounting plugin CLionSourceCodeAccess
LogPluginManager: Mounting plugin CodeLiteSourceCodeAccess
LogPluginManager: Mounting plugin GitSourceControl
LogPluginManager: Mounting plugin KDevelopSourceCodeAccess
LogPluginManager: Mounting plugin NullSourceCodeAccess
LogPluginManager: Mounting plugin PerforceSourceControl
LogPluginManager: Mounting plugin SubversionSourceControl
LogPluginManager: Mounting plugin UObjectPlugin
LogPluginManager: Mounting plugin VisualStudioCodeSourceCodeAccess
LogPluginManager: Mounting plugin VisualStudioSourceCodeAccess
LogPluginManager: Mounting plugin XCodeSourceCodeAccess
LogPluginManager: Mounting plugin AssetManagerEditor
LogPluginManager: Mounting plugin CryptoKeys
LogPluginManager: Mounting plugin DataValidation
LogPluginManager: Mounting plugin FacialAnimation
LogPluginManager: Mounting plugin GameplayTagsEditor
LogPluginManager: Mounting plugin MacGraphicsSwitching
LogPluginManager: Mounting plugin MeshEditor
LogPluginManager: Mounting plugin MobileLauncherProfileWizard
LogPluginManager: Mounting plugin PluginBrowser
LogPluginManager: Mounting plugin SpeedTreeImporter
LogPluginManager: Mounting plugin DatasmithContent
LogPluginManager: Mounting plugin AlembicImporter
LogPluginManager: Mounting plugin AppleImageUtils
LogPluginManager: Mounting plugin AppleVision
LogPluginManager: Mounting plugin BackChannel
LogPluginManager: Mounting plugin CharacterAI
LogPluginManager: Mounting plugin GeometryCache
LogPluginManager: Mounting plugin HTML5Networking
LogPluginManager: Mounting plugin ProxyLODPlugin
LogPluginManager: Mounting plugin MagicLeap
LogPluginManager: Mounting plugin MagicLeapEmulator
LogPluginManager: Mounting plugin MagicLeapMedia
LogPluginManager: Mounting plugin AndroidMedia
LogPluginManager: Mounting plugin AvfMedia
LogPluginManager: Mounting plugin ImgMedia
LogPluginManager: Mounting plugin LinearTimecode
LogPluginManager: Mounting plugin MediaCompositing
LogPluginManager: Mounting plugin MediaPlayerEditor
LogPluginManager: Mounting plugin WmfMedia
LogPluginManager: Mounting plugin TcpMessaging
LogPluginManager: Mounting plugin UdpMessaging
LogPluginManager: Mounting plugin ActorSequence
LogPluginManager: Mounting plugin LevelSequenceEditor
LogPluginManager: Mounting plugin MatineeToLevelSequence
LogPluginManager: Mounting plugin NetcodeUnitTest
LogPluginManager: Mounting plugin NUTUnrealEngine4
LogPluginManager: Mounting plugin OnlineSubsystemGooglePlay
LogPluginManager: Mounting plugin OnlineSubsystemIOS
LogPluginManager: Mounting plugin OnlineSubsystem
LogPluginManager: Mounting plugin OnlineSubsystemNull
LogPluginManager: Mounting plugin OnlineSubsystemUtils
LogPluginManager: Mounting plugin LauncherChunkInstaller
LogPluginManager: Mounting plugin AndroidDeviceProfileSelector
LogPluginManager: Mounting plugin AndroidMoviePlayer
LogPluginManager: Mounting plugin AndroidPermission
LogPluginManager: Mounting plugin AppleMoviePlayer
LogPluginManager: Mounting plugin ArchVisCharacter
LogPluginManager: Mounting plugin AudioCapture
LogPluginManager: Mounting plugin CableComponent
LogPluginManager: Mounting plugin CustomMeshComponent
LogPluginManager: Mounting plugin EditableMesh
LogPluginManager: Mounting plugin ExampleDeviceProfileSelector
LogPluginManager: Mounting plugin GoogleCloudMessaging
LogPluginManager: Mounting plugin ImmediatePhysics
LogPluginManager: Mounting plugin IOSDeviceProfileSelector
LogPluginManager: Mounting plugin LinuxDeviceProfileSelector
LogPluginManager: Mounting plugin LocationServicesBPLibrary
LogPluginManager: Mounting plugin MobilePatchingUtils
LogPluginManager: Mounting plugin OculusVR
LogPluginManager: Plugin shader directory ../../../Engine/Plugins/Runtime/Oculus/OculusVR/Shaders found
LogPluginManager: Mapping shader source directory ../../../Engine/Plugins/Runtime/Oculus/OculusVR/Shaders to virtual directory /Plugin/OculusVR
LogPluginManager: Mounting plugin PhysXVehicles
LogPluginManager: Mounting plugin ProceduralMeshComponent
LogPluginManager: Mounting plugin RuntimePhysXCooking
LogPluginManager: Mounting plugin SteamVR
LogPluginManager: Mounting plugin WindowsMoviePlayer
LogStreaming: Display: Took  0.100s to configure plugins.
LogInit: Using libcurl 7.55.1-DEV
LogInit:  - built for x86_64-pc-win32
LogInit:  - supports SSL with OpenSSL/1.0.2h
LogInit:  - supports HTTP deflate (compression) using libz 1.2.8
LogInit:  - other features:
LogInit:      CURL_VERSION_SSL
LogInit:      CURL_VERSION_LIBZ
LogInit:      CURL_VERSION_IPV6
LogInit:      CURL_VERSION_ASYNCHDNS
LogInit:      CURL_VERSION_LARGEFILE
LogInit:      CURL_VERSION_IDN
LogInit:  CurlRequestOptions (configurable via config and command line):
LogInit:  - bVerifyPeer = false  - Libcurl will NOT verify peer certificate
LogInit:  - bUseHttpProxy = false  - Libcurl will NOT use HTTP proxy
LogInit:  - bDontReuseConnections = false  - Libcurl will reuse connections
LogInit:  - CertBundlePath = nullptr  - Libcurl will use whatever was configured at build time.
LogInit:  - MaxHostConnections = 16  - Libcurl will limit the number of connections to a host
LogInit:  - LocalHostAddr = Default
LogInit:  - BufferSize = 65536
LogInit: WinSock: version 1.1 (2.2), MaxSocks=32767, MaxUdp=65467
LogInit: Build: ++UE4+Release-4.20-CL-4369336
LogInit: Engine Version: 4.20.3-4369336+++UE4+Release-4.20
LogInit: Compatible Engine Version: 4.20.0-4212847+++UE4+Release-4.20
LogInit: Net CL: 4212847
LogInit: OS: Windows 10 (), CPU: Intel(R) Core(TM) i7-8809G CPU @ 3.10GHz, GPU: Radeon RX Vega M GH Graphics
LogInit: Compiled (64-bit): Sep 17 2018 12:26:19
LogInit: Compiled with Visual C++: 19.13.26129.00
LogInit: Build Configuration: Development
LogInit: Branch Name: ++UE4+Release-4.20
LogInit: Command Line: -EpicPortal  -epicusername="Isabeara" -epicuserid=69f089caf4a74d59bc76805f98ccf539 -epiclocale=en-US
LogInit: Base Directory: C:/Program Files/Epic Games/UE_4.20/Engine/Binaries/Win64/
LogInit: Installed Engine Build: 1
LogDevObjectVersion: Number of dev versions registered: 20
LogDevObjectVersion:   Dev-Blueprints (B0D832E4-1F89-4F0D-ACCF-7EB736FD4AA2): 10
LogDevObjectVersion:   Dev-Build (E1C64328-A22C-4D53-A36C-8E866417BD8C): 0
LogDevObjectVersion:   Dev-Core (375EC13C-06E4-48FB-B500-84F0262A717E): 2
LogDevObjectVersion:   Dev-Editor (E4B068ED-F494-42E9-A231-DA0B2E46BB41): 24
LogDevObjectVersion:   Dev-Framework (CFFC743F-43B0-4480-9391-14DF171D2073): 34
LogDevObjectVersion:   Dev-Mobile (B02B49B5-BB20-44E9-A304-32B752E40360): 2
LogDevObjectVersion:   Dev-Networking (A4E4105C-59A1-49B5-A7C5-40C4547EDFEE): 0
LogDevObjectVersion:   Dev-Online (39C831C9-5AE6-47DC-9A44-9C173E1C8E7C): 0
LogDevObjectVersion:   Dev-Physics (78F01B33-EBEA-4F98-B9B4-84EACCB95AA2): 0
LogDevObjectVersion:   Dev-Platform (6631380F-2D4D-43E0-8009-CF276956A95A): 0
LogDevObjectVersion:   Dev-Rendering (12F88B9F-8875-4AFC-A67C-D90C383ABD29): 26
LogDevObjectVersion:   Dev-Sequencer (7B5AE74C-D270-4C10-A958-57980B212A5A): 9
LogDevObjectVersion:   Dev-VR (D7296918-1DD6-4BDD-9DE2-64A83CC13884): 2
LogDevObjectVersion:   Dev-LoadTimes (C2A15278-BFE7-4AFE-6C17-90FF531DF755): 1
LogDevObjectVersion:   Private-Geometry (6EACA3D4-40EC-4CC1-B786-8BED09428FC5): 3
LogDevObjectVersion:   Dev-AnimPhys (29E575DD-E0A3-4627-9D10-D276232CDCEA): 17
LogDevObjectVersion:   Dev-ReflectionCapture (6B266CEC-1EC7-4B8F-A30B-E4D90942FC07): 1
LogDevObjectVersion:   Dev-Automation (0DF73D61-A23F-47EA-B727-89E90C41499A): 1
LogDevObjectVersion:   FortniteMain (601D1886-AC64-4F84-AA16-D3DE0DEAC7D6): 12
LogDevObjectVersion:   Dev-Enterprise (9DFFBCD6-494F-0158-E221-12823C92A888): 1
LogStreaming: Display: Took  0.000s to delete old logs.
LogInit: Presizing for max 8388607 objects, including 0 objects not considered by GC, pre-allocating 0 bytes for permanent pool.
LogInit: Object subsystem initialized
[2019.02.04-15.21.55:337][  0]LogInit: Selected Device Profile: [Windows]
[2019.02.04-15.21.55:337][  0]LogInit: Applying CVar settings loaded from the selected device profile: [Windows]
[2019.02.04-15.21.55:349][  0]LogHAL: Display: Platform has ~ 16 GB [17095323648 / 17179869184 / 16], which maps to Larger [LargestMinGB=32, LargerMinGB=12, DefaultMinGB=8, SmallerMinGB=6, SmallestMinGB=0)
[2019.02.04-15.21.55:349][  0]LogInit: Setting Device Profile CVar: [[r.Vulkan.UseRealUBs:1]]
[2019.02.04-15.21.55:349][  0]LogInit: Going up to parent DeviceProfile []
[2019.02.04-15.21.55:350][  0]LogInit: Computer: eae-n-003
[2019.02.04-15.21.55:350][  0]LogInit: User: u0963460
[2019.02.04-15.21.55:350][  0]LogInit: CPU Page size=4096, Cores=4
[2019.02.04-15.21.55:350][  0]LogInit: High frequency timer resolution =3.023440 MHz
[2019.02.04-15.21.55:350][  0]LogMemory: Memory total: Physical=15.9GB (16GB approx)
[2019.02.04-15.21.55:350][  0]LogMemory: Platform Memory Stats for Windows
[2019.02.04-15.21.55:350][  0]LogMemory: Process Physical Memory: 100.59 MB used, 100.59 MB peak
[2019.02.04-15.21.55:350][  0]LogMemory: Process Virtual Memory: 89.42 MB used, 89.42 MB peak
[2019.02.04-15.21.55:350][  0]LogMemory: Physical Memory: 5463.70 MB used,  10839.67 MB free, 16303.37 MB total
[2019.02.04-15.21.55:350][  0]LogMemory: Virtual Memory: 4639.15 MB used,  10839.67 MB free, 134217728.00 MB total
[2019.02.04-15.21.55:365][  0]LogInit: Using OS detected language (en-US).
[2019.02.04-15.21.55:365][  0]LogInit: Using OS detected locale (en-US).
[2019.02.04-15.21.55:366][  0]LogTextLocalizationManager: No specific localization for 'en-US' exists, so the 'en' localization will be used.
[2019.02.04-15.21.55:703][  0]LogStreaming: Display: Took  0.338s to InitEngineTextLocalization.
[2019.02.04-15.21.55:703][  0]LogInit: Setting process to per monitor DPI aware
[2019.02.04-15.21.55:739][  0]LogSlate: New Slate User Created.  User Index 0, Is Virtual User: 0
[2019.02.04-15.21.55:739][  0]LogSlate: Slate User Registered.  User Index 0, Is Virtual User: 0
[2019.02.04-15.21.55:922][  0]LogHMD: Failed to initialize OpenVR with code 110
[2019.02.04-15.21.55:922][  0]LogD3D11RHI: D3D11 adapters:
[2019.02.04-15.21.55:953][  0]LogD3D11RHI:    0. 'Radeon RX Vega M GH Graphics' (Feature Level 11_0)
[2019.02.04-15.21.55:953][  0]LogD3D11RHI:       4042/0/8151 MB DedicatedVideo/DedicatedSystem/SharedSystem, Outputs:1, VendorId:0x1002
[2019.02.04-15.21.55:964][  0]LogD3D11RHI:    1. 'Intel(R) HD Graphics 630' (Feature Level 11_0)
[2019.02.04-15.21.55:964][  0]LogD3D11RHI:       128/0/8151 MB DedicatedVideo/DedicatedSystem/SharedSystem, Outputs:0, VendorId:0x8086
[2019.02.04-15.21.55:966][  0]LogD3D11RHI:    2. 'Microsoft Basic Render Driver' (Feature Level 11_0)
[2019.02.04-15.21.55:966][  0]LogD3D11RHI:       0/0/8151 MB DedicatedVideo/DedicatedSystem/SharedSystem, Outputs:0, VendorId:0x1414
[2019.02.04-15.21.55:966][  0]LogD3D11RHI: Chosen D3D11 Adapter: 0
[2019.02.04-15.21.55:972][  0]LogD3D11RHI: Creating new Direct3DDevice
[2019.02.04-15.21.55:973][  0]LogD3D11RHI:     GPU DeviceId: 0x694c (for the marketing name, search the web for "GPU Device Id")
[2019.02.04-15.21.55:973][  0]LogWindows: EnumDisplayDevices:
[2019.02.04-15.21.55:973][  0]LogWindows:    0. 'Radeon RX Vega M GH Graphics' (P:1 D:1)
[2019.02.04-15.21.55:973][  0]LogWindows:    1. 'Radeon RX Vega M GH Graphics' (P:0 D:0)
[2019.02.04-15.21.55:973][  0]LogWindows:    2. 'Radeon RX Vega M GH Graphics' (P:0 D:0)
[2019.02.04-15.21.55:973][  0]LogWindows:    3. 'Radeon RX Vega M GH Graphics' (P:0 D:0)
[2019.02.04-15.21.55:974][  0]LogWindows:    4. 'Radeon RX Vega M GH Graphics' (P:0 D:0)
[2019.02.04-15.21.55:974][  0]LogWindows:    5. 'Radeon RX Vega M GH Graphics' (P:0 D:0)
[2019.02.04-15.21.55:974][  0]LogWindows:    6. 'Radeon RX Vega M GH Graphics' (P:0 D:0)
[2019.02.04-15.21.55:974][  0]LogWindows:    7. 'Intel(R) HD Graphics 630' (P:0 D:0)
[2019.02.04-15.21.55:974][  0]LogWindows:    8. 'Intel(R) HD Graphics 630' (P:0 D:0)
[2019.02.04-15.21.55:975][  0]LogWindows: DebugString: PrimaryIsNotTheChoosenAdapter PrimaryIsNotTheChoosenAdapter FoundDriverCount:7 
[2019.02.04-15.21.55:975][  0]LogD3D11RHI:     Adapter Name: Radeon RX Vega M GH Graphics
[2019.02.04-15.21.55:975][  0]LogD3D11RHI:   Driver Version: Adrenalin 18.9.1 (internal:24.20.11026.2001, unified:24.20.11026.2001)
[2019.02.04-15.21.55:975][  0]LogD3D11RHI:      Driver Date: 8-30-2018
[2019.02.04-15.21.55:975][  0]LogRHI: Texture pool is 2829 MB (70% of 4042 MB)
[2019.02.04-15.21.56:035][  0]LogD3D11RHI: Async texture creation enabled
[2019.02.04-15.21.56:047][  0]LogD3D11RHI: GPU Timing Frequency: 25.000000 (Debug: 2 1)
[2019.02.04-15.21.56:050][  0]LogShaderCompilers: Guid format shader working directory is -19 characters bigger than the processId version (../../../../../../Users/u0963460/Documents/Unreal Projects/Assetpip/Intermediate/Shaders/WorkingDirectory/14484/).
[2019.02.04-15.21.56:050][  0]LogShaderCompilers: Cleaned the shader compiler working directory 'C:/Users/u0963460/AppData/Local/Temp/UnrealShaderWorkingDir/0908C0EB41822F193362B88473E6F866/'.
[2019.02.04-15.21.56:311][  0]LogTemp: Display: Loaded TP AllDesktopTargetPlatform
[2019.02.04-15.21.56:325][  0]LogTemp: Display: Loaded TP MacClientTargetPlatform
[2019.02.04-15.21.56:337][  0]LogTemp: Display: Loaded TP MacNoEditorTargetPlatform
[2019.02.04-15.21.56:351][  0]LogTemp: Display: Loaded TP MacServerTargetPlatform
[2019.02.04-15.21.56:363][  0]LogTemp: Display: Loaded TP MacTargetPlatform
[2019.02.04-15.21.56:374][  0]LogTemp: Display: Loaded TP WindowsClientTargetPlatform
[2019.02.04-15.21.56:386][  0]LogTemp: Display: Loaded TP WindowsNoEditorTargetPlatform
[2019.02.04-15.21.56:399][  0]LogTemp: Display: Loaded TP WindowsServerTargetPlatform
[2019.02.04-15.21.56:405][  0]LogTemp: Display: Loaded TP WindowsTargetPlatform
[2019.02.04-15.21.56:473][  0]LogTemp: Display: Loaded TP AndroidTargetPlatform
[2019.02.04-15.21.56:473][  0]LogTemp: Display: Loaded TP AndroidTargetPlatform
[2019.02.04-15.21.56:473][  0]LogTemp: Display: Loaded TP AndroidTargetPlatform
[2019.02.04-15.21.56:473][  0]LogTemp: Display: Loaded TP AndroidTargetPlatform
[2019.02.04-15.21.56:473][  0]LogTemp: Display: Loaded TP AndroidTargetPlatform
[2019.02.04-15.21.56:473][  0]LogTemp: Display: Loaded TP AndroidTargetPlatform
[2019.02.04-15.21.56:473][  0]LogTemp: Display: Loaded TP AndroidTargetPlatform
[2019.02.04-15.21.56:473][  0]LogTemp: Display: Loaded TP AndroidTargetPlatform
[2019.02.04-15.21.56:473][  0]LogTemp: Display: Loaded TP AndroidTargetPlatform
[2019.02.04-15.21.56:473][  0]LogTemp: Display: Loaded TP AndroidTargetPlatform
[2019.02.04-15.21.56:473][  0]LogTemp: Display: Loaded TP AndroidTargetPlatform
[2019.02.04-15.21.56:474][  0]LogTemp: Display: Loaded TP AndroidTargetPlatform
[2019.02.04-15.21.56:474][  0]LogTemp: Display: Loaded TP AndroidTargetPlatform
[2019.02.04-15.21.56:474][  0]LogTemp: Display: Loaded TP AndroidTargetPlatform
[2019.02.04-15.21.56:474][  0]LogTemp: Display: Loaded TP AndroidTargetPlatform
[2019.02.04-15.21.56:474][  0]LogTemp: Display: Loaded TP AndroidTargetPlatform
[2019.02.04-15.21.56:474][  0]LogTemp: Display: Loaded TP AndroidTargetPlatform
[2019.02.04-15.21.56:474][  0]LogTemp: Display: Loaded TP AndroidTargetPlatform
[2019.02.04-15.21.56:475][  0]LogTemp: Display: Loaded TP HTML5TargetPlatform
[2019.02.04-15.21.56:536][  0]LogTemp: Display: Loaded TP IOSTargetPlatform
[2019.02.04-15.21.56:536][  0]LogTemp: Display: Loaded TP IOSTargetPlatform
[2019.02.04-15.21.56:556][  0]LogTemp: Display: Loaded TP TVOSTargetPlatform
[2019.02.04-15.21.56:556][  0]LogTemp: Display: Loaded TP TVOSTargetPlatform
[2019.02.04-15.21.56:566][  0]LogTemp: Display: Loaded TP LinuxClientTargetPlatform
[2019.02.04-15.21.56:575][  0]LogTemp: Display: Loaded TP LinuxNoEditorTargetPlatform
[2019.02.04-15.21.56:586][  0]LogTemp: Display: Loaded TP LinuxServerTargetPlatform
[2019.02.04-15.21.56:597][  0]LogTemp: Display: Loaded TP LinuxTargetPlatform
[2019.02.04-15.21.56:604][  0]LogTemp: Display: Loaded TP LuminTargetPlatform
[2019.02.04-15.21.56:604][  0]LogTargetPlatformManager: Display: Building Assets For Windows
[2019.02.04-15.21.56:661][  0]LogXGEController: Cannot use XGE Controller as Incredibuild is not installed on this machine.
[2019.02.04-15.21.56:661][  0]LogShaderCompilers: Cannot use XGE Shader Compiler as Incredibuild is not installed on this machine.
[2019.02.04-15.21.56:661][  0]LogShaderCompilers: Display: Using Local Shader Compiler.
[2019.02.04-15.21.57:307][  0]LogDerivedDataCache: Display: Max Cache Size: 512 MB
[2019.02.04-15.21.57:363][  0]LogDerivedDataCache: Loaded boot cache 0.06s 71MB C:/Users/u0963460/AppData/Local/UnrealEngine/4.20/DerivedDataCache/Boot.ddc.
[2019.02.04-15.21.57:363][  0]LogDerivedDataCache: Display: Loaded Boot cache: C:/Users/u0963460/AppData/Local/UnrealEngine/4.20/DerivedDataCache/Boot.ddc
[2019.02.04-15.21.57:363][  0]LogDerivedDataCache: FDerivedDataBackendGraph:  Pak pak cache file ../../../../../../Users/u0963460/Documents/Unreal Projects/Assetpip/DerivedDataCache/DDC.ddp not found, will not use a pak cache.
[2019.02.04-15.21.57:363][  0]LogDerivedDataCache: Unable to find inner node Pak for hierarchical cache Hierarchy.
[2019.02.04-15.21.57:363][  0]LogDerivedDataCache: FDerivedDataBackendGraph:  CompressedPak pak cache file ../../../../../../Users/u0963460/Documents/Unreal Projects/Assetpip/DerivedDataCache/Compressed.ddp not found, will not use a pak cache.
[2019.02.04-15.21.57:363][  0]LogDerivedDataCache: Unable to find inner node CompressedPak for hierarchical cache Hierarchy.
[2019.02.04-15.21.57:375][  0]LogDerivedDataCache: Display: Pak cache opened for reading ../../../Engine/DerivedDataCache/Compressed.ddp.
[2019.02.04-15.21.57:387][  0]LogDerivedDataCache: Using Local data cache path C:/Users/u0963460/AppData/Local/UnrealEngine/Common/DerivedDataCache: Writable
[2019.02.04-15.21.57:387][  0]LogDerivedDataCache: Shared data cache path not found in *engine.ini, will not use an Shared cache.
[2019.02.04-15.21.57:387][  0]LogDerivedDataCache: Unable to find inner node Shared for hierarchical cache Hierarchy.
[2019.02.04-15.21.57:402][  0]LogMaterial: Verifying Global Shaders for PCD3D_SM5
[2019.02.04-15.21.57:404][  0]LogSlate: Using FreeType 2.6.0
[2019.02.04-15.21.57:404][  0]LogSlate: SlateFontServices - WITH_FREETYPE: 1, WITH_HARFBUZZ: 1
[2019.02.04-15.21.57:471][  0]LogAssetRegistry: FAssetRegistry took 0.0248 seconds to start up
[2019.02.04-15.21.57:768][  0]LogInit: Selected Device Profile: [Windows]
[2019.02.04-15.21.57:888][  0]LogSimplygon: Simplygon DLL not present - disabling.
[2019.02.04-15.21.57:892][  0]LogMeshReduction: Using SimplygonSwarm for distributed automatic mesh merging
[2019.02.04-15.21.57:892][  0]LogMeshReduction: Using ProxyLODMeshReduction for automatic mesh merging
[2019.02.04-15.21.57:892][  0]LogMeshReduction: Using QuadricMeshReduction for automatic static mesh reduction
[2019.02.04-15.21.57:892][  0]LogMeshReduction: No automatic skeletal mesh reduction module available
[2019.02.04-15.21.57:909][  0]LogNetVersion: Assetpip 1.0.0, NetCL: 4212847, EngineNetVer: 5, GameNetVer: 0 (Checksum: 2640168431)
[2019.02.04-15.21.58:407][  0]LogPackageLocalizationCache: Processed 11 localized package path(s) for 2 prioritized culture(s) in 0.098578 seconds
[2019.02.04-15.21.58:415][  0]LogUObjectArray: 38425 objects as part of root set at end of initial load.
[2019.02.04-15.21.58:415][  0]LogUObjectAllocator: 6690864 out of 0 bytes used by permanent object pool.
[2019.02.04-15.21.58:415][  0]LogUObjectArray: CloseDisregardForGC: 0/0 objects in disregard for GC pool
[2019.02.04-15.21.59:225][  0]LogTcpMessaging: Initializing TcpMessaging bridge
[2019.02.04-15.21.59:250][  0]LogUdpMessaging: Initializing bridge on interface 0.0.0.0:0 to multicast group 230.0.0.1:6666.
[2019.02.04-15.21.59:388][  0]SourceControl: Source control is disabled
[2019.02.04-15.21.59:388][  0]SourceControl: Source control is disabled
[2019.02.04-15.21.59:389][  0]SourceControl: Source control is disabled
[2019.02.04-15.21.59:390][  0]SourceControl: Source control is disabled
[2019.02.04-15.21.59:551][  0]LogAndroidPermission: UAndroidPermissionCallbackProxy::GetInstance
[2019.02.04-15.21.59:629][  0]LogOcInput: OculusInput pre-init called
[2019.02.04-15.21.59:684][  0]LogEngine: Initializing Engine...
[2019.02.04-15.21.59:684][  0]LogHMD: Failed to initialize OpenVR with code 110
[2019.02.04-15.21.59:685][  0]LogStats: UGameplayTagsManager::ConstructGameplayTagTree: ImportINI prefixes -  0.000 s
[2019.02.04-15.21.59:685][  0]LogStats: UGameplayTagsManager::ConstructGameplayTagTree: Construct from data asset -  0.000 s
[2019.02.04-15.21.59:685][  0]LogStats: UGameplayTagsManager::ConstructGameplayTagTree: ImportINI -  0.000 s
[2019.02.04-15.21.59:685][  0]LogStats: UGameplayTagsManager::ConstructGameplayTagTree: GameplayTagTreeChangedEvent.Broadcast -  0.000 s
[2019.02.04-15.21.59:887][  0]LogInit: Initializing FReadOnlyCVARCache
[2019.02.04-15.21.59:902][  0]LogAIModule: Creating AISystem for world Untitled
[2019.02.04-15.21.59:936][  0]LogInit: XAudio2 using '1 - CintiqPro24P (AMD High Definition Audio Device)' : 2 channels at 48 kHz using 16 bits per sample (channel mask 0x3)
[2019.02.04-15.21.59:962][  0]LogInit: FAudioDevice initialized.
[2019.02.04-15.21.59:962][  0]LogNetVersion: Set ProjectVersion to 1.0.0.0. Version Checksum will be recalculated on next use.
[2019.02.04-15.22.00:041][  0]LogDerivedDataCache: Saved boot cache 0.08s 71MB C:/Users/u0963460/AppData/Local/UnrealEngine/4.20/DerivedDataCache/Boot.ddc.
[2019.02.04-15.22.00:051][  0]LogInit: Texture streaming: Enabled
[2019.02.04-15.22.00:068][  0]LogEngineSessionManager: EngineSessionManager initialized
[2019.02.04-15.22.00:084][  0]LogInit: Transaction tracking system initialized
[2019.02.04-15.22.00:110][  0]BlueprintLog: New page: Editor Load
[2019.02.04-15.22.00:240][  0]LocalizationService: Localization service is disabled
[2019.02.04-15.22.00:500][  0]LogFileCache: Scanning file cache for directory 'C:/Users/u0963460/Documents/Unreal Projects/Assetpip/Content/' took 0.01s
[2019.02.04-15.22.00:500][  0]LogCook: Display: Max memory allowance for cook 16384mb min free memory 0mb
[2019.02.04-15.22.00:500][  0]LogCook: Display: Mobile HDR setting 1
[2019.02.04-15.22.00:500][  0]LogGameplayTags: Display: UGameplayTagsManager::DoneAddingNativeTags. DelegateIsBound: 0
[2019.02.04-15.22.00:500][  0]LogStats: UGameplayTagsManager::ConstructGameplayTagTree: ImportINI prefixes -  0.000 s
[2019.02.04-15.22.00:500][  0]LogStats: UGameplayTagsManager::ConstructGameplayTagTree: Construct from data asset -  0.000 s
[2019.02.04-15.22.00:500][  0]LogStats: UGameplayTagsManager::ConstructGameplayTagTree: ImportINI -  0.000 s
[2019.02.04-15.22.00:500][  0]LogStats: UGameplayTagsManager::ConstructGameplayTagTree: GameplayTagTreeChangedEvent.Broadcast -  0.000 s
[2019.02.04-15.22.00:632][  0]SourceControl: Source control is disabled
[2019.02.04-15.22.00:632][  0]Cmd: MAP LOAD FILE="../../../Engine/Content/Maps/Templates/Template_Default.umap" TEMPLATE=1 SHOWPROGRESS=1 FEATURELEVEL=3
[2019.02.04-15.22.00:633][  0]LightingResults: New page: Lighting Build
[2019.02.04-15.22.00:635][  0]MapCheck: New page: Map Check
[2019.02.04-15.22.00:635][  0]LightingResults: New page: Lighting Build
[2019.02.04-15.22.00:819][  0]LogAIModule: Creating AISystem for world Untitled_1
[2019.02.04-15.22.00:825][  0]LogEditorServer: Finished looking for orphan Actors (0.000 secs)
[2019.02.04-15.22.00:847][  0]Cmd: MAP CHECKDEP NOCLEARLOG
[2019.02.04-15.22.00:913][  0]MapCheck: Map check complete: 0 Error(s), 0 Warning(s), took 65.26ms to complete.
[2019.02.04-15.22.00:913][  0]LogFileHelpers: Loading map 'Template_Default' took 0.281
[2019.02.04-15.22.01:062][  0]LogSlate: Updating window title bar state: overlay mode, drag disabled, window buttons hidden, title bar hidden
[2019.02.04-15.22.01:071][  0]LogSlate: Updating window title bar state: overlay mode, drag disabled, window buttons hidden, title bar hidden
[2019.02.04-15.22.01:076][  0]LogSlate: Updating window title bar state: overlay mode, drag disabled, window buttons hidden, title bar hidden
[2019.02.04-15.22.01:083][  0]LogSlate: Updating window title bar state: overlay mode, drag disabled, window buttons hidden, title bar hidden
[2019.02.04-15.22.01:103][  0]LogCollectionManager: Loaded 0 collections in 0.001990 seconds
[2019.02.04-15.22.01:173][  0]LogFileCache: Scanning file cache for directory 'C:/Users/u0963460/Documents/Unreal Projects/Assetpip/Saved/Collections/' took 0.01s
[2019.02.04-15.22.01:173][  0]LogFileCache: Scanning file cache for directory 'C:/Users/u0963460/Documents/Unreal Projects/Assetpip/Content/Developers/u0963460/Collections/' took 0.01s
[2019.02.04-15.22.01:173][  0]LogFileCache: Scanning file cache for directory 'C:/Users/u0963460/Documents/Unreal Projects/Assetpip/Content/Collections/' took 0.01s
[2019.02.04-15.22.01:173][  0]LogCollectionManager: Rebuilt the GUID cache for 0 collections in 0.000000 seconds
[2019.02.04-15.22.01:187][  0]LogContentBrowser: Native class hierarchy populated in 0.0109 seconds. Added 2572 classes and 603 folders.
[2019.02.04-15.22.01:205][  0]LogContentBrowser: Native class hierarchy updated for 'WidgetCarousel' in 0.0002 seconds. Added 0 classes and 0 folders.
[2019.02.04-15.22.01:637][  0]LogContentBrowser: Native class hierarchy updated for 'AddContentDialog' in 0.0002 seconds. Added 0 classes and 0 folders.
[2019.02.04-15.22.01:653][  0]LogContentBrowser: Native class hierarchy updated for 'SceneOutliner' in 0.0002 seconds. Added 1 classes and 2 folders.
[2019.02.04-15.22.01:747][  0]LogSlate: Took 0.000187 seconds to synchronously load lazily loaded font '../../../Engine/Content/Slate/Fonts/Roboto-Regular.ttf' (155K)
[2019.02.04-15.22.01:750][  0]LogSlate: Took 0.000227 seconds to synchronously load lazily loaded font '../../../Engine/Content/Slate/Fonts/Roboto-Bold.ttf' (160K)
[2019.02.04-15.22.01:763][  0]LogSlate: Took 0.007297 seconds to synchronously load lazily loaded font '../../../Engine/Content/Editor/Slate/Fonts/FontAwesome.ttf' (139K)
[2019.02.04-15.22.01:894][  0]LogRenderer: Reallocating scene render targets to support 1208x576 Format 10 NumSamples 1 (Frame:1).
[2019.02.04-15.22.02:095][  0]LogContentBrowser: Native class hierarchy updated for 'HierarchicalLODOutliner' in 0.0003 seconds. Added 0 classes and 0 folders.
[2019.02.04-15.22.02:095][  0]LogLoad: (Engine Initialization) Total time: 8.44 seconds
[2019.02.04-15.22.02:095][  0]LogLoad: (Engine Initialization) Total Blueprint compile time: 0.00 seconds
[2019.02.04-15.22.02:105][  0]LogWindowsTextInputMethodSystem: Display: IME system now deactivated.
[2019.02.04-15.22.02:133][  0]LogContentStreaming: Texture pool size now 1000 MB
[2019.02.04-15.22.07:402][621]LogAssetRegistry: Asset discovery search completed in 9.9533 seconds
[2019.02.04-15.22.07:404][621]LogCollectionManager: Rebuilt the object cache for 0 collections in 0.000000 seconds (found 0 objects)
[2019.02.04-15.22.07:404][621]LogCollectionManager: Fixed up redirectors for 0 collections in 0.000040 seconds (updated 0 objects)
[2019.02.04-15.27.30:917][436]LogSlate: FSceneViewport::OnFocusLost() reason 0
[2019.02.04-15.28.01:818][ 87]LogSlate: Took 0.000266 seconds to synchronously load lazily loaded font '../../../Engine/Content/Slate/Fonts/Roboto-Light.ttf' (167K)
[2019.02.04-15.28.01:826][ 87]LogAssetEditorManager: Opening Asset editor for Material /Game/M_BlockMaster_IR.M_BlockMaster_IR
[2019.02.04-15.28.01:831][ 87]LogMaterial: Display: Missing cached shader map for material M_BlockMaster_IR, compiling. 
[2019.02.04-15.28.02:274][ 87]LogMaterial: Display: Missing cached shader map for material M_BlockMaster_IR, compiling. 
[2019.02.04-15.28.02:302][ 87]LogShaderCompilers: Display: Shaders left to compile 21
[2019.02.04-15.28.02:302][ 87]LogShaderCompilers: Display: Shaders left to compile 20
[2019.02.04-15.28.02:302][ 87]LogShaderCompilers: Display: Shaders left to compile 19
[2019.02.04-15.28.02:302][ 87]LogShaderCompilers: Display: Shaders left to compile 18
[2019.02.04-15.28.02:339][ 87]LogSlate: Took 0.008969 seconds to synchronously load lazily loaded font '../../../Engine/Content/Slate/Fonts/Roboto-BoldCondensed.ttf' (158K)
[2019.02.04-15.28.03:459][151]LogShaderCompilers: Display: Shaders left to compile 17
[2019.02.04-15.28.03:462][151]LogShaderCompilers: Display: Shaders left to compile 16
[2019.02.04-15.28.03:462][151]LogShaderCompilers: Display: Shaders left to compile 15
[2019.02.04-15.28.03:480][152]LogShaderCompilers: Display: Shaders left to compile 14
[2019.02.04-15.28.03:633][162]LogShaderCompilers: Display: Shaders left to compile 13
[2019.02.04-15.28.03:638][162]LogShaderCompilers: Display: Shaders left to compile 12
[2019.02.04-15.28.03:651][163]LogShaderCompilers: Display: Shaders left to compile 11
[2019.02.04-15.28.03:669][164]LogShaderCompilers: Display: Shaders left to compile 10
[2019.02.04-15.28.03:806][173]LogShaderCompilers: Display: Shaders left to compile 9
[2019.02.04-15.28.03:953][182]LogShaderCompilers: Display: Shaders left to compile 8
[2019.02.04-15.28.04:118][195]LogShaderCompilers: Display: Shaders left to compile 7
[2019.02.04-15.28.04:158][197]LogShaderCompilers: Display: Shaders left to compile 6
[2019.02.04-15.28.04:248][205]LogShaderCompilers: Display: Shaders left to compile 5
[2019.02.04-15.28.04:414][218]LogShaderCompilers: Display: Shaders left to compile 4
[2019.02.04-15.28.04:464][222]LogShaderCompilers: Display: Shaders left to compile 3
[2019.02.04-15.28.04:684][239]LogShaderCompilers: Display: Shaders left to compile 2
[2019.02.04-15.28.04:699][240]LogShaderCompilers: Display: Shaders left to compile 1
[2019.02.04-15.28.05:063][271]MaterialEditorStats: Base pass shader: 99 instructions
[2019.02.04-15.28.05:063][271]MaterialEditorStats: Base pass shader with Volumetric Lightmap: 172 instructions
[2019.02.04-15.28.05:063][271]MaterialEditorStats: Base pass vertex shader: 32 instructions
[2019.02.04-15.28.05:063][271]MaterialEditorStats: Texture samplers: 3/16
[2019.02.04-15.28.06:544][416]LogSlate: Window 'M_BlockMaster_IR*' being destroyed
[2019.02.04-15.28.13:399][885]LogSlate: Window 'M_BlockMaster_IR*' being destroyed
[2019.02.04-15.29.04:501][ 42]LogMaterial: Display: Missing cached shader map for material M_BlockMaster_IR, compiling. 
[2019.02.04-15.29.04:515][ 42]LogShaderCompilers: Display: Shaders left to compile 21
[2019.02.04-15.29.04:515][ 42]LogShaderCompilers: Display: Shaders left to compile 20
[2019.02.04-15.29.04:515][ 42]LogShaderCompilers: Display: Shaders left to compile 19
[2019.02.04-15.29.04:515][ 42]LogShaderCompilers: Display: Shaders left to compile 18
[2019.02.04-15.29.04:515][ 42]LogMaterial: Display: Missing cached shader map for material FMatExpressionPreview MaterialExpressionTextureSampleParameter2D_0, compiling. 
[2019.02.04-15.29.04:574][ 43]LogSlate: Took 0.008042 seconds to synchronously load lazily loaded font '../../../Engine/Content/Slate/Fonts/Roboto-Italic.ttf' (157K)
[2019.02.04-15.29.05:117][ 99]LogShaderCompilers: Display: Shaders left to compile 19
[2019.02.04-15.29.05:178][106]LogShaderCompilers: Display: Shaders left to compile 18
[2019.02.04-15.29.05:185][107]LogShaderCompilers: Display: Shaders left to compile 17
[2019.02.04-15.29.05:185][107]LogShaderCompilers: Display: Shaders left to compile 16
[2019.02.04-15.29.05:288][117]LogShaderCompilers: Display: Shaders left to compile 15
[2019.02.04-15.29.05:351][122]LogShaderCompilers: Display: Shaders left to compile 14
[2019.02.04-15.29.05:355][122]LogShaderCompilers: Display: Shaders left to compile 13
[2019.02.04-15.29.05:366][123]LogShaderCompilers: Display: Shaders left to compile 12
[2019.02.04-15.29.05:456][130]LogShaderCompilers: Display: Shaders left to compile 11
[2019.02.04-15.29.05:642][144]LogShaderCompilers: Display: Shaders left to compile 10
[2019.02.04-15.29.05:771][155]LogShaderCompilers: Display: Shaders left to compile 9
[2019.02.04-15.29.05:830][161]LogShaderCompilers: Display: Shaders left to compile 8
[2019.02.04-15.29.05:884][166]LogShaderCompilers: Display: Shaders left to compile 7
[2019.02.04-15.29.06:036][181]LogShaderCompilers: Display: Shaders left to compile 6
[2019.02.04-15.29.06:080][185]LogShaderCompilers: Display: Shaders left to compile 5
[2019.02.04-15.29.06:271][203]LogShaderCompilers: Display: Shaders left to compile 4
[2019.02.04-15.29.06:296][205]LogShaderCompilers: Display: Shaders left to compile 3
[2019.02.04-15.29.06:364][212]LogShaderCompilers: Display: Shaders left to compile 2
[2019.02.04-15.29.06:453][221]LogShaderCompilers: Display: Shaders left to compile 1
[2019.02.04-15.29.06:692][238]MaterialEditorStats: Base pass shader: 99 instructions
[2019.02.04-15.29.06:692][238]MaterialEditorStats: Base pass shader with Volumetric Lightmap: 172 instructions
[2019.02.04-15.29.06:692][238]MaterialEditorStats: Base pass vertex shader: 32 instructions
[2019.02.04-15.29.06:692][238]MaterialEditorStats: Texture samplers: 3/16
[2019.02.04-15.29.11:847][744]LogMaterial: Display: Missing cached shader map for material M_BlockMaster_IR, compiling. 
[2019.02.04-15.29.11:863][744]LogShaderCompilers: Display: Shaders left to compile 21
[2019.02.04-15.29.11:863][744]LogShaderCompilers: Display: Shaders left to compile 20
[2019.02.04-15.29.11:863][744]LogShaderCompilers: Display: Shaders left to compile 19
[2019.02.04-15.29.11:863][744]LogShaderCompilers: Display: Shaders left to compile 18
[2019.02.04-15.29.11:867][744]LogMaterial: Display: Missing cached shader map for material FMatExpressionPreview MaterialExpressionTextureSampleParameter2D_0, compiling. 
[2019.02.04-15.29.12:118][759]LogShaderCompilers: Display: Shaders left to compile 19
[2019.02.04-15.29.12:130][760]LogShaderCompilers: Display: Shaders left to compile 18
[2019.02.04-15.29.12:141][761]LogShaderCompilers: Display: Shaders left to compile 17
[2019.02.04-15.29.12:149][762]LogShaderCompilers: Display: Shaders left to compile 16
[2019.02.04-15.29.12:332][777]LogShaderCompilers: Display: Shaders left to compile 15
[2019.02.04-15.29.12:343][778]LogShaderCompilers: Display: Shaders left to compile 14
[2019.02.04-15.29.12:353][779]LogShaderCompilers: Display: Shaders left to compile 13
[2019.02.04-15.29.12:353][779]LogShaderCompilers: Display: Shaders left to compile 12
[2019.02.04-15.29.12:519][794]LogShaderCompilers: Display: Shaders left to compile 11
[2019.02.04-15.29.12:653][804]LogShaderCompilers: Display: Shaders left to compile 10
[2019.02.04-15.29.12:818][818]LogShaderCompilers: Display: Shaders left to compile 9
[2019.02.04-15.29.12:841][820]LogShaderCompilers: Display: Shaders left to compile 8
[2019.02.04-15.29.12:949][829]LogShaderCompilers: Display: Shaders left to compile 7
[2019.02.04-15.29.13:084][840]LogShaderCompilers: Display: Shaders left to compile 6
[2019.02.04-15.29.13:096][841]LogShaderCompilers: Display: Shaders left to compile 5
[2019.02.04-15.29.13:331][860]LogShaderCompilers: Display: Shaders left to compile 4
[2019.02.04-15.29.13:378][864]LogShaderCompilers: Display: Shaders left to compile 3
[2019.02.04-15.29.13:437][869]LogShaderCompilers: Display: Shaders left to compile 2
[2019.02.04-15.29.13:515][876]LogShaderCompilers: Display: Shaders left to compile 1
[2019.02.04-15.29.13:765][896]MaterialEditorStats: Base pass shader: 102 instructions
[2019.02.04-15.29.13:765][896]MaterialEditorStats: Base pass shader with Volumetric Lightmap: 175 instructions
[2019.02.04-15.29.13:765][896]MaterialEditorStats: Base pass vertex shader: 36 instructions
[2019.02.04-15.29.13:765][896]MaterialEditorStats: Texture samplers: 4/16
[2019.02.04-15.29.13:765][896]MaterialEditorStats: Texture Lookups (Est.): VS(0), PS(1)
[2019.02.04-15.29.13:765][896]MaterialEditorStats: User interpolators: 2/4 Scalars (1/4 Vectors) (TexCoords: 2, Custom: 0)
[2019.02.04-15.32.02:267][ 73]LogFileHelpers: Editor autosave (incl. sublevels) for '/Temp/Untitled_1' took 0.019
[2019.02.04-15.32.02:270][ 73]OBJ SavePackage: Generating thumbnails for [1] asset(s) in package [/Game/M_BlockMaster_IR] ([1] browsable assets)...
[2019.02.04-15.32.02:284][ 73]OBJ SavePackage:     Rendered thumbnail for [Material /Game/M_BlockMaster_IR.M_BlockMaster_IR]
[2019.02.04-15.32.02:284][ 73]OBJ SavePackage: Finished generating thumbnails for package [/Game/M_BlockMaster_IR]
[2019.02.04-15.32.02:313][ 73]LogSavePackage: Moving '../../../../../../Users/u0963460/Documents/Unreal Projects/Assetpip/Saved/M_BlockMaster_IR_Auto12B075C9543FCBF60C6470AB27E2B8FFE.tmp' to '../../../../../../Users/u0963460/Documents/Unreal Projects/Assetpip/Saved/Autosaves/Game/M_BlockMaster_IR_Auto1.uasset'
[2019.02.04-15.32.02:316][ 73]LogFileHelpers: Auto-saving content packages took 0.048
[2019.02.04-15.32.51:016][713]LogMaterialEditor: Saving and Compiling material M_BlockMaster_IR
[2019.02.04-15.32.51:508][713]LogMaterial: Display: Missing cached shader map for material M_BlockMaster_IR, compiling. 
[2019.02.04-15.32.51:548][713]LogShaderCompilers: Display: Shaders left to compile 21
[2019.02.04-15.32.51:548][713]LogShaderCompilers: Display: Shaders left to compile 20
[2019.02.04-15.32.51:548][713]LogShaderCompilers: Display: Shaders left to compile 19
[2019.02.04-15.32.51:548][713]LogShaderCompilers: Display: Shaders left to compile 18
[2019.02.04-15.32.51:561][713]LogMaterial: Display: Missing cached shader map for material M_BlockMaster_IR, compiling. 
[2019.02.04-15.32.51:576][713]LogMaterial: Display: Missing cached shader map for material M_BlockMaster_IR, compiling. 
[2019.02.04-15.32.51:616][713]LogMaterial: Display: Missing cached shader map for material FDebugViewModeMaterialProxy M_BlockMaster_IR, compiling. 
[2019.02.04-15.32.53:369][713]LogShaderCompilers: Display: Shaders left to compile 40
[2019.02.04-15.32.53:369][713]LogShaderCompilers: Display: Shaders left to compile 39
[2019.02.04-15.32.53:369][713]LogShaderCompilers: Display: Shaders left to compile 38
[2019.02.04-15.32.53:369][713]LogShaderCompilers: Display: Shaders left to compile 37
[2019.02.04-15.32.53:369][713]LogShaderCompilers: Display: Shaders left to compile 36
[2019.02.04-15.32.53:369][713]LogShaderCompilers: Display: Shaders left to compile 35
[2019.02.04-15.32.53:369][713]LogShaderCompilers: Display: Shaders left to compile 34
[2019.02.04-15.32.53:369][713]LogShaderCompilers: Display: Shaders left to compile 33
[2019.02.04-15.32.53:369][713]LogShaderCompilers: Display: Shaders left to compile 32
[2019.02.04-15.32.53:369][713]LogShaderCompilers: Display: Shaders left to compile 31
[2019.02.04-15.32.53:369][713]LogShaderCompilers: Display: Shaders left to compile 30
[2019.02.04-15.32.53:369][713]LogShaderCompilers: Display: Shaders left to compile 29
[2019.02.04-15.32.53:369][713]LogShaderCompilers: Display: Shaders left to compile 28
[2019.02.04-15.32.53:369][713]LogShaderCompilers: Display: Shaders left to compile 27
[2019.02.04-15.32.53:369][713]LogShaderCompilers: Display: Shaders left to compile 26
[2019.02.04-15.32.53:369][713]LogShaderCompilers: Display: Shaders left to compile 25
[2019.02.04-15.32.53:369][713]LogShaderCompilers: Display: Shaders left to compile 24
[2019.02.04-15.32.53:369][713]LogShaderCompilers: Display: Shaders left to compile 23
[2019.02.04-15.32.53:369][713]LogShaderCompilers: Display: Shaders left to compile 22
[2019.02.04-15.32.53:369][713]LogShaderCompilers: Display: Shaders left to compile 12
[2019.02.04-15.32.53:369][713]LogShaderCompilers: Display: Shaders left to compile 2
[2019.02.04-15.32.53:371][713]TextureStreamingBuild: Display: Compiling optional shaders took 1.765 seconds.
[2019.02.04-15.32.55:706][713]Cmd: OBJ SAVEPACKAGE PACKAGE="/Game/M_BlockMaster_IR" FILE="../../../../../../Users/u0963460/Documents/Unreal Projects/Assetpip/Content/M_BlockMaster_IR.uasset" SILENT=true
[2019.02.04-15.32.55:724][713]LogSavePackage: Moving '../../../../../../Users/u0963460/Documents/Unreal Projects/Assetpip/Saved/M_BlockMaster_IR6E4A0101495B67036E238795B6C6E6A2.tmp' to '../../../../../../Users/u0963460/Documents/Unreal Projects/Assetpip/Content/M_BlockMaster_IR.uasset'
[2019.02.04-15.32.57:380][855]LogSlate: Window 'M_BlockMaster_IR' being destroyed
[2019.02.04-15.33.14:912][690]Cmd: OBJ SAVEPACKAGE PACKAGE="/Game/Materials/M_BlockMaster_IR" FILE="../../../../../../Users/u0963460/Documents/Unreal Projects/Assetpip/Content/Materials/M_BlockMaster_IR.uasset" SILENT=true
[2019.02.04-15.33.14:940][690]LogSavePackage: Moving '../../../../../../Users/u0963460/Documents/Unreal Projects/Assetpip/Saved/M_BlockMaster_IR4603C50F48F25DE89B5F7EA49B0532C4.tmp' to '../../../../../../Users/u0963460/Documents/Unreal Projects/Assetpip/Content/Materials/M_BlockMaster_IR.uasset'
[2019.02.04-16.23.11:167][169]LogMaterial: Display: Missing cached shader map for material IN_BlockMaster_IR1, compiling. 
[2019.02.04-16.23.11:190][170]LogShaderCompilers: Display: Shaders left to compile 22
[2019.02.04-16.23.11:190][170]LogShaderCompilers: Display: Shaders left to compile 12
[2019.02.04-16.23.11:190][170]LogShaderCompilers: Display: Shaders left to compile 2
[2019.02.04-16.23.37:198][ 68]LogFileHelpers: Editor autosave (incl. sublevels) for '/Temp/Untitled_1' took 0.018
[2019.02.04-16.23.37:200][ 68]OBJ SavePackage: Generating thumbnails for [1] asset(s) in package [/Game/Materials/IN_BlockMaster_IR1] ([1] browsable assets)...
[2019.02.04-16.23.37:213][ 68]OBJ SavePackage:     Rendered thumbnail for [Material /Game/Materials/IN_BlockMaster_IR1.IN_BlockMaster_IR1]
[2019.02.04-16.23.37:213][ 68]OBJ SavePackage: Finished generating thumbnails for package [/Game/Materials/IN_BlockMaster_IR1]
[2019.02.04-16.23.37:241][ 68]LogSavePackage: Moving '../../../../../../Users/u0963460/Documents/Unreal Projects/Assetpip/Saved/IN_BlockMaster_IR1_Auto2CF9B6CAE43B58F065B1E4FA48259250D.tmp' to '../../../../../../Users/u0963460/Documents/Unreal Projects/Assetpip/Saved/Autosaves/Game/Materials/IN_BlockMaster_IR1_Auto2.uasset'
[2019.02.04-16.23.37:242][ 68]LogFileHelpers: Auto-saving content packages took 0.044
[2019.02.04-16.29.00:431][525]Cmd: OBJ SAVEPACKAGE PACKAGE="/Game/Materials/IN_BlockMaster_IR1" FILE="../../../../../../Users/u0963460/Documents/Unreal Projects/Assetpip/Content/Materials/IN_BlockMaster_IR1.uasset" SILENT=true
[2019.02.04-16.29.00:454][525]LogSavePackage: Moving '../../../../../../Users/u0963460/Documents/Unreal Projects/Assetpip/Saved/IN_BlockMaster_IR12516BB1342EB0F29A49312AF72D2C99B.tmp' to '../../../../../../Users/u0963460/Documents/Unreal Projects/Assetpip/Content/Materials/IN_BlockMaster_IR1.uasset'
[2019.02.04-16.29.03:449][873]LogSlate: Window 'Assetpip - Unreal Editor' being destroyed
[2019.02.04-16.29.03:655][874]Cmd: QUIT_EDITOR
[2019.02.04-16.29.03:671][874]LogWindowsTextInputMethodSystem: Display: IME system now deactivated.
[2019.02.04-16.29.03:686][874]LogExit: Preparing to exit.
[2019.02.04-16.29.04:284][874]LogExit: Editor shut down
[2019.02.04-16.29.04:285][874]LogExit: Transaction tracking system shut down
[2019.02.04-16.29.04:711][874]LogExit: Object subsystem successfully closed.
[2019.02.04-16.29.04:728][874]LogShaderCompilers: Display: Shaders left to compile 0
[2019.02.04-16.29.04:728][874]LogD3D11RHI: Shutdown
[2019.02.04-16.29.04:729][874]LogD3D11RHI: CleanupD3DDevice
[2019.02.04-16.29.04:732][874]LogD3D11RHI: ~FD3D11DynamicRHI
[2019.02.04-16.29.04:756][874]LogModuleManager: Shutting down and abandoning module HierarchicalLODOutliner (612)
[2019.02.04-16.29.04:756][874]LogModuleManager: Shutting down and abandoning module SceneOutliner (610)
[2019.02.04-16.29.04:756][874]LogModuleManager: Shutting down and abandoning module AddContentDialog (608)
[2019.02.04-16.29.04:758][874]LogModuleManager: Shutting down and abandoning module WidgetCarousel (607)
[2019.02.04-16.29.04:758][874]LogModuleManager: Shutting down and abandoning module EditorWidgets (604)
[2019.02.04-16.29.04:758][874]LogModuleManager: Shutting down and abandoning module CollectionManager (602)
[2019.02.04-16.29.04:758][874]LogModuleManager: Shutting down and abandoning module HierarchicalLODUtilities (600)
[2019.02.04-16.29.04:758][874]LogModuleManager: Shutting down and abandoning module StatsViewer (598)
[2019.02.04-16.29.04:758][874]LogModuleManager: Shutting down and abandoning module FoliageEdit (596)
[2019.02.04-16.29.04:758][874]LogModuleManager: Shutting down and abandoning module LandscapeEditor (594)
[2019.02.04-16.29.04:758][874]LogModuleManager: Shutting down and abandoning module MeshPaintMode (592)
[2019.02.04-16.29.04:758][874]LogModuleManager: Shutting down and abandoning module SceneDepthPickerMode (590)
[2019.02.04-16.29.04:758][874]LogModuleManager: Shutting down and abandoning module ActorPickerMode (588)
[2019.02.04-16.29.04:758][874]LogModuleManager: Shutting down and abandoning module GeometryMode (586)
[2019.02.04-16.29.04:758][874]LogModuleManager: Shutting down and abandoning module TextureAlignMode (584)
[2019.02.04-16.29.04:758][874]LogModuleManager: Shutting down and abandoning module BspMode (582)
[2019.02.04-16.29.04:758][874]LogModuleManager: Shutting down and abandoning module PIEPreviewDeviceProfileSelector (580)
[2019.02.04-16.29.04:758][874]LogModuleManager: Shutting down and abandoning module SequenceRecorderSections (578)
[2019.02.04-16.29.04:758][874]LogModuleManager: Shutting down and abandoning module AutomationWorker (576)
[2019.02.04-16.29.04:758][874]LogModuleManager: Shutting down and abandoning module AudioCaptureEditor (574)
[2019.02.04-16.29.04:758][874]LogModuleManager: Shutting down and abandoning module SequenceRecorder (573)
[2019.02.04-16.29.04:758][874]LogModuleManager: Shutting down and abandoning module MatineeToLevelSequence (570)
[2019.02.04-16.29.04:758][874]LogModuleManager: Shutting down and abandoning module LevelSequenceEditor (568)
[2019.02.04-16.29.04:758][874]LogModuleManager: Shutting down and abandoning module PlacementMode (567)
[2019.02.04-16.29.04:758][874]LogModuleManager: Shutting down and abandoning module MaterialEditor (566)
[2019.02.04-16.29.04:758][874]LogModuleManager: Shutting down and abandoning module WmfMediaFactory (562)
[2019.02.04-16.29.04:758][874]LogModuleManager: Shutting down and abandoning module WmfMediaEditor (560)
[2019.02.04-16.29.04:758][874]LogModuleManager: Shutting down and abandoning module MediaPlayerEditor (558)
[2019.02.04-16.29.04:758][874]LogModuleManager: Shutting down and abandoning module OpenExrWrapper (556)
[2019.02.04-16.29.04:758][874]LogModuleManager: Shutting down and abandoning module ImgMediaFactory (554)
[2019.02.04-16.29.04:758][874]LogModuleManager: Shutting down and abandoning module ImgMediaEditor (552)
[2019.02.04-16.29.04:758][874]LogModuleManager: Shutting down and abandoning module AvfMediaFactory (550)
[2019.02.04-16.29.04:758][874]LogModuleManager: Shutting down and abandoning module AvfMediaEditor (548)
[2019.02.04-16.29.04:758][874]LogModuleManager: Shutting down and abandoning module AndroidMediaFactory (546)
[2019.02.04-16.29.04:758][874]LogModuleManager: Shutting down and abandoning module AndroidMediaEditor (544)
[2019.02.04-16.29.04:758][874]LogModuleManager: Shutting down and abandoning module MagicLeapCameraPreviewFactory (542)
[2019.02.04-16.29.04:758][874]LogModuleManager: Shutting down and abandoning module MagicLeapMediaFactory (540)
[2019.02.04-16.29.04:759][874]LogModuleManager: Shutting down and abandoning module MagicLeapMediaEditor (538)
[2019.02.04-16.29.04:759][874]LogModuleManager: Shutting down and abandoning module CharacterAI (536)
[2019.02.04-16.29.04:759][874]LogModuleManager: Shutting down and abandoning module SmartSnapping (534)
[2019.02.04-16.29.04:759][874]LogModuleManager: Shutting down and abandoning module SessionServices (532)
[2019.02.04-16.29.04:759][874]LogModuleManager: Shutting down and abandoning module ViewportSnapping (530)
[2019.02.04-16.29.04:759][874]LogModuleManager: Shutting down and abandoning module ViewportInteraction (528)
[2019.02.04-16.29.04:759][874]LogModuleManager: Shutting down and abandoning module ClothPainter (526)
[2019.02.04-16.29.04:759][874]LogModuleManager: Shutting down and abandoning module SkeletalMeshEditor (525)
[2019.02.04-16.29.04:759][874]LogModuleManager: Shutting down and abandoning module LogVisualizer (522)
[2019.02.04-16.29.04:759][874]LogModuleManager: Shutting down and abandoning module IntroTutorials (520)
[2019.02.04-16.29.04:759][874]LogModuleManager: Shutting down and abandoning module GameProjectGeneration (519)
[2019.02.04-16.29.04:759][874]LogModuleManager: Shutting down and abandoning module LuminPlatformEditor (516)
[2019.02.04-16.29.04:759][874]LogModuleManager: Shutting down and abandoning module IOSPlatformEditor (514)
[2019.02.04-16.29.04:759][874]LogModuleManager: Shutting down and abandoning module HTML5PlatformEditor (512)
[2019.02.04-16.29.04:759][874]LogModuleManager: Shutting down and abandoning module AndroidPlatformEditor (510)
[2019.02.04-16.29.04:759][874]LogModuleManager: Shutting down and abandoning module AndroidDeviceDetection (509)
[2019.02.04-16.29.05:444][874]LogModuleManager: Shutting down and abandoning module WindowsPlatformEditor (506)
[2019.02.04-16.29.05:444][874]LogModuleManager: Shutting down and abandoning module LuminRuntimeSettings (504)
[2019.02.04-16.29.05:444][874]LogModuleManager: Shutting down and abandoning module IOSRuntimeSettings (502)
[2019.02.04-16.29.05:444][874]LogModuleManager: Shutting down and abandoning module AndroidRuntimeSettings (500)
[2019.02.04-16.29.05:444][874]LogModuleManager: Shutting down and abandoning module InputBindingEditor (498)
[2019.02.04-16.29.05:444][874]LogModuleManager: Shutting down and abandoning module MergeActors (496)
[2019.02.04-16.29.05:444][874]LogModuleManager: Shutting down and abandoning module LocalizationDashboard (494)
[2019.02.04-16.29.05:444][874]LogModuleManager: Shutting down and abandoning module LocalizationService (493)
[2019.02.04-16.29.05:444][874]LogModuleManager: Shutting down and abandoning module HardwareTargeting (490)
[2019.02.04-16.29.05:444][874]LogModuleManager: Shutting down and abandoning module DeviceProfileEditor (488)
[2019.02.04-16.29.05:444][874]LogModuleManager: Shutting down and abandoning module UndoHistory (486)
[2019.02.04-16.29.05:444][874]LogModuleManager: Shutting down and abandoning module XmlParser (484)
[2019.02.04-16.29.05:444][874]LogModuleManager: Shutting down and abandoning module Blutility (482)
[2019.02.04-16.29.05:444][874]LogModuleManager: Shutting down and abandoning module ProjectSettingsViewer (480)
[2019.02.04-16.29.05:444][874]LogModuleManager: Shutting down and abandoning module ProjectTargetPlatformEditor (479)
[2019.02.04-16.29.05:444][874]LogModuleManager: Shutting down and abandoning module EditorSettingsViewer (476)
[2019.02.04-16.29.05:444][874]LogModuleManager: Shutting down and abandoning module SettingsEditor (474)
[2019.02.04-16.29.05:444][874]LogModuleManager: Shutting down and abandoning module ProjectLauncher (472)
[2019.02.04-16.29.05:444][874]LogModuleManager: Shutting down and abandoning module SessionFrontend (470)
[2019.02.04-16.29.05:444][874]LogModuleManager: Shutting down and abandoning module ProfilerClient (468)
[2019.02.04-16.29.05:444][874]LogModuleManager: Shutting down and abandoning module DeviceManager (466)
[2019.02.04-16.29.05:444][874]LogModuleManager: Shutting down and abandoning module TargetDeviceServices (465)
[2019.02.04-16.29.05:509][874]LogModuleManager: Shutting down and abandoning module AutomationController (462)
[2019.02.04-16.29.05:509][874]LogModuleManager: Shutting down and abandoning module AutomationWindow (460)
[2019.02.04-16.29.05:509][874]LogModuleManager: Shutting down and abandoning module Layers (458)
[2019.02.04-16.29.05:509][874]LogModuleManager: Shutting down and abandoning module ComponentVisualizers (456)
[2019.02.04-16.29.05:509][874]LogModuleManager: Shutting down and abandoning module DetailCustomizations (454)
[2019.02.04-16.29.05:509][874]LogModuleManager: Shutting down and abandoning module PackagesDialog (452)
[2019.02.04-16.29.05:509][874]LogModuleManager: Shutting down and abandoning module Persona (450)
[2019.02.04-16.29.05:509][874]LogModuleManager: Shutting down and abandoning module AdvancedPreviewScene (449)
[2019.02.04-16.29.05:509][874]LogModuleManager: Shutting down and abandoning module AnimGraph (447)
[2019.02.04-16.29.05:509][874]LogModuleManager: Shutting down and abandoning module Kismet (444)
[2019.02.04-16.29.05:509][874]LogModuleManager: Shutting down and abandoning module GraphEditor (442)
[2019.02.04-16.29.05:509][874]LogModuleManager: Shutting down and abandoning module ClassViewer (440)
[2019.02.04-16.29.05:509][874]LogModuleManager: Shutting down and abandoning module Toolbox (438)
[2019.02.04-16.29.05:509][874]LogModuleManager: Shutting down and abandoning module ModuleUI (436)
[2019.02.04-16.29.05:509][874]LogModuleManager: Shutting down and abandoning module MovieSceneTools (434)
[2019.02.04-16.29.05:509][874]LogModuleManager: Shutting down and abandoning module OutputLog (432)
[2019.02.04-16.29.05:509][874]LogModuleManager: Shutting down and abandoning module GammaUI (430)
[2019.02.04-16.29.05:509][874]LogModuleManager: Shutting down and abandoning module Documentation (428)
[2019.02.04-16.29.05:509][874]LogModuleManager: Shutting down and abandoning module MovieSceneTracks (426)
[2019.02.04-16.29.05:509][874]LogModuleManager: Shutting down and abandoning module MovieScene (424)
[2019.02.04-16.29.05:509][874]LogModuleManager: Shutting down and abandoning module StreamingPauseRendering (422)
[2019.02.04-16.29.05:509][874]LogModuleManager: Shutting down and abandoning module LauncherPlatform (420)
[2019.02.04-16.29.05:509][874]LogModuleManager: Shutting down and abandoning module AnalyticsET (418)
[2019.02.04-16.29.05:509][874]LogModuleManager: Shutting down and abandoning module PortalServices (416)
[2019.02.04-16.29.05:509][874]LogModuleManager: Shutting down and abandoning module PortalRpc (414)
[2019.02.04-16.29.05:509][874]LogModuleManager: Shutting down and abandoning module MessagingRpc (412)
[2019.02.04-16.29.05:510][874]LogModuleManager: Shutting down and abandoning module AIModule (410)
[2019.02.04-16.29.05:510][874]LogModuleManager: Shutting down and abandoning module GameplayDebugger (409)
[2019.02.04-16.29.05:510][874]LogModuleManager: Shutting down and abandoning module AITestSuite (407)
[2019.02.04-16.29.05:510][874]LogModuleManager: Shutting down and abandoning module NavigationSystem (405)
[2019.02.04-16.29.05:510][874]LogModuleManager: Shutting down and abandoning module DesktopPlatform (402)
[2019.02.04-16.29.05:510][874]LogModuleManager: Shutting down and abandoning module ProfilerService (400)
[2019.02.04-16.29.05:723][874]LogModuleManager: Shutting down and abandoning module TaskGraph (398)
[2019.02.04-16.29.05:723][874]LogModuleManager: Shutting down and abandoning module SteamVRController (396)
[2019.02.04-16.29.05:723][874]LogModuleManager: Shutting down and abandoning module ProceduralMeshComponentEditor (394)
[2019.02.04-16.29.05:723][874]LogModuleManager: Shutting down and abandoning module ProceduralMeshComponent (392)
[2019.02.04-16.29.05:723][874]LogModuleManager: Shutting down and abandoning module OculusInput (390)
[2019.02.04-16.29.05:723][874]LogModuleManager: Shutting down and abandoning module MobilePatchingUtils (388)
[2019.02.04-16.29.05:723][874]LogModuleManager: Shutting down and abandoning module EditableMesh (386)
[2019.02.04-16.29.05:723][874]LogModuleManager: Shutting down and abandoning module CustomMeshComponent (384)
[2019.02.04-16.29.05:723][874]LogModuleManager: Shutting down and abandoning module CableComponent (382)
[2019.02.04-16.29.05:723][874]LogModuleManager: Shutting down and abandoning module AudioCapture (380)
[2019.02.04-16.29.05:723][874]LogModuleManager: Shutting down and abandoning module ArchVisCharacter (378)
[2019.02.04-16.29.05:723][874]LogModuleManager: Shutting down and abandoning module AndroidPermission (376)
[2019.02.04-16.29.05:723][874]LogModuleManager: Shutting down and abandoning module NUTUnrealEngine4 (374)
[2019.02.04-16.29.05:723][874]LogModuleManager: Shutting down and abandoning module NetcodeUnitTest (372)
[2019.02.04-16.29.05:723][874]LogModuleManager: Shutting down and abandoning module MediaCompositingEditor (370)
[2019.02.04-16.29.05:723][874]LogModuleManager: Shutting down and abandoning module MediaCompositing (368)
[2019.02.04-16.29.05:723][874]LogModuleManager: Shutting down and abandoning module LinearTimecode (366)
[2019.02.04-16.29.05:723][874]LogModuleManager: Shutting down and abandoning module ImgMedia (364)
[2019.02.04-16.29.05:727][874]LogModuleManager: Shutting down and abandoning module HTML5Networking (362)
[2019.02.04-16.29.05:727][874]LogModuleManager: Shutting down and abandoning module GeometryCacheTracks (360)
[2019.02.04-16.29.05:727][874]LogModuleManager: Shutting down and abandoning module GeometryCacheSequencer (358)
[2019.02.04-16.29.05:727][874]LogModuleManager: Shutting down and abandoning module BackChannel (356)
[2019.02.04-16.29.05:727][874]LogModuleManager: Shutting down and abandoning module AppleVision (354)
[2019.02.04-16.29.05:727][874]LogModuleManager: Shutting down and abandoning module AppleImageUtils (352)
[2019.02.04-16.29.05:727][874]LogModuleManager: Shutting down and abandoning module AlembicImporter (350)
[2019.02.04-16.29.05:727][874]LogModuleManager: Shutting down and abandoning module AlembicLibrary (349)
[2019.02.04-16.29.05:727][874]LogModuleManager: Shutting down and abandoning module GeometryCache (348)
[2019.02.04-16.29.05:727][874]LogModuleManager: Shutting down and abandoning module GeometryCacheEd (347)
[2019.02.04-16.29.05:728][874]LogModuleManager: Shutting down and abandoning module DatasmithContentEditor (342)
[2019.02.04-16.29.05:728][874]LogModuleManager: Shutting down and abandoning module DatasmithContent (340)
[2019.02.04-16.29.05:728][874]LogModuleManager: Shutting down and abandoning module SpeedTreeImporter (338)
[2019.02.04-16.29.05:728][874]LogModuleManager: Shutting down and abandoning module PluginBrowser (336)
[2019.02.04-16.29.05:728][874]LogModuleManager: Shutting down and abandoning module MobileLauncherProfileWizard (334)
[2019.02.04-16.29.05:728][874]LogModuleManager: Shutting down and abandoning module PolygonModeling (332)
[2019.02.04-16.29.05:728][874]LogModuleManager: Shutting down and abandoning module MeshEditor (330)
[2019.02.04-16.29.05:728][874]LogModuleManager: Shutting down and abandoning module CryptoKeysOpenSSL (328)
[2019.02.04-16.29.05:728][874]LogModuleManager: Shutting down and abandoning module CryptoKeys (326)
[2019.02.04-16.29.05:728][874]LogModuleManager: Shutting down and abandoning module VisualStudioSourceCodeAccess (324)
[2019.02.04-16.29.05:728][874]LogModuleManager: Shutting down and abandoning module VisualStudioCodeSourceCodeAccess (322)
[2019.02.04-16.29.05:728][874]LogModuleManager: Shutting down and abandoning module UObjectPlugin (320)
[2019.02.04-16.29.05:728][874]LogModuleManager: Shutting down and abandoning module SubversionSourceControl (318)
[2019.02.04-16.29.05:728][874]LogModuleManager: Shutting down and abandoning module PerforceSourceControl (316)
[2019.02.04-16.29.05:728][874]LogModuleManager: Shutting down and abandoning module GitSourceControl (314)
[2019.02.04-16.29.05:728][874]LogModuleManager: Shutting down and abandoning module SourceControl (313)
[2019.02.04-16.29.05:728][874]LogModuleManager: Shutting down and abandoning module CLionSourceCodeAccess (310)
[2019.02.04-16.29.05:728][874]LogModuleManager: Shutting down and abandoning module LightPropagationVolumeEditor (308)
[2019.02.04-16.29.05:728][874]LogModuleManager: Shutting down and abandoning module PaperTiledImporter (306)
[2019.02.04-16.29.05:728][874]LogModuleManager: Shutting down and abandoning module PaperSpriteSheetImporter (304)
[2019.02.04-16.29.05:728][874]LogModuleManager: Shutting down and abandoning module Paper2DEditor (302)
[2019.02.04-16.29.05:728][874]LogModuleManager: Shutting down and abandoning module MeshPaint (301)
[2019.02.04-16.29.05:728][874]LogModuleManager: Shutting down and abandoning module RuntimePhysXCooking (298)
[2019.02.04-16.29.05:728][874]LogModuleManager: Shutting down and abandoning module PhysXVehiclesEditor (296)
[2019.02.04-16.29.05:728][874]LogModuleManager: Shutting down and abandoning module PhysXVehicles (294)
[2019.02.04-16.29.05:728][874]LogModuleManager: Shutting down and abandoning module OculusEditor (292)
[2019.02.04-16.29.05:728][874]LogModuleManager: Shutting down and abandoning module LocationServicesBPLibrary (290)
[2019.02.04-16.29.05:728][874]LogModuleManager: Shutting down and abandoning module ImmediatePhysicsEditor (288)
[2019.02.04-16.29.05:728][874]LogModuleManager: Shutting down and abandoning module ImmediatePhysics (286)
[2019.02.04-16.29.05:729][874]LogModuleManager: Shutting down and abandoning module ActorSequence (284)
[2019.02.04-16.29.05:729][874]LogModuleManager: Shutting down and abandoning module UdpMessaging (282)
[2019.02.04-16.29.05:829][874]LogModuleManager: Shutting down and abandoning module TcpMessaging (280)
[2019.02.04-16.29.05:930][874]LogModuleManager: Shutting down and abandoning module MagicLeapAudio (278)
[2019.02.04-16.29.05:930][874]LogModuleManager: Shutting down and abandoning module GameplayTagsEditor (276)
[2019.02.04-16.29.05:930][874]LogModuleManager: Shutting down and abandoning module FacialAnimationEditor (274)
[2019.02.04-16.29.05:930][874]LogModuleManager: Shutting down and abandoning module FacialAnimation (272)
[2019.02.04-16.29.05:930][874]LogModuleManager: Shutting down and abandoning module DataValidation (270)
[2019.02.04-16.29.05:930][874]LogModuleManager: Shutting down and abandoning module AssetManagerEditor (268)
[2019.02.04-16.29.05:930][874]LogModuleManager: Shutting down and abandoning module LevelEditor (267)
[2019.02.04-16.29.05:930][874]LogModuleManager: Shutting down and abandoning module PixelInspectorModule (266)
[2019.02.04-16.29.05:930][874]LogModuleManager: Shutting down and abandoning module CommonMenuExtensions (264)
[2019.02.04-16.29.05:930][874]LogModuleManager: Shutting down and abandoning module MainFrame (262)
[2019.02.04-16.29.05:931][874]LogModuleManager: Shutting down and abandoning module HotReload (261)
[2019.02.04-16.29.05:931][874]LogModuleManager: Shutting down and abandoning module ContentBrowser (257)
[2019.02.04-16.29.05:932][874]LogModuleManager: Shutting down and abandoning module TreeMap (255)
[2019.02.04-16.29.05:932][874]LogModuleManager: Shutting down and abandoning module LightPropagationVolumeRuntime (252)
[2019.02.04-16.29.05:932][874]LogModuleManager: Shutting down and abandoning module AISupportModule (250)
[2019.02.04-16.29.05:932][874]LogModuleManager: Shutting down and abandoning module Paper2D (248)
[2019.02.04-16.29.05:932][874]LogModuleManager: Shutting down and abandoning module WindowsMoviePlayer (246)
[2019.02.04-16.29.05:932][874]LogModuleManager: Shutting down and abandoning module WmfMedia (244)
[2019.02.04-16.29.05:933][874]LogModuleManager: Shutting down and abandoning module Media (243)
[2019.02.04-16.29.05:940][874]LogModuleManager: Shutting down and abandoning module PacketHandler (240)
[2019.02.04-16.29.05:940][874]LogModuleManager: Shutting down and abandoning module ClothingSystemEditor (238)
[2019.02.04-16.29.05:940][874]LogModuleManager: Shutting down and abandoning module ClothingSystemRuntime (236)
[2019.02.04-16.29.05:940][874]LogModuleManager: Shutting down and abandoning module MediaAssets (234)
[2019.02.04-16.29.05:940][874]LogModuleManager: Shutting down and abandoning module Overlay (232)
[2019.02.04-16.29.05:940][874]LogModuleManager: Shutting down and abandoning module OverlayEditor (231)
[2019.02.04-16.29.05:940][874]LogModuleManager: Shutting down and abandoning module VREditor (228)
[2019.02.04-16.29.05:940][874]LogModuleManager: Shutting down and abandoning module StringTableEditor (226)
[2019.02.04-16.29.05:940][874]LogModuleManager: Shutting down and abandoning module GameplayTasksEditor (224)
[2019.02.04-16.29.05:940][874]LogModuleManager: Shutting down and abandoning module BehaviorTreeEditor (222)
[2019.02.04-16.29.05:940][874]LogModuleManager: Shutting down and abandoning module FunctionalTesting (220)
[2019.02.04-16.29.05:940][874]LogModuleManager: Shutting down and abandoning module CollisionAnalyzer (218)
[2019.02.04-16.29.05:940][874]LogModuleManager: Shutting down and abandoning module WorkspaceMenuStructure (217)
[2019.02.04-16.29.05:940][874]LogModuleManager: Shutting down and abandoning module UMG (214)
[2019.02.04-16.29.05:940][874]LogModuleManager: Shutting down and abandoning module UMGEditor (213)
[2019.02.04-16.29.05:940][874]LogModuleManager: Shutting down and abandoning module Sequencer (212)
[2019.02.04-16.29.05:940][874]LogModuleManager: Shutting down and abandoning module MessageLog (209)
[2019.02.04-16.29.05:940][874]LogModuleManager: Shutting down and abandoning module SlateReflector (204)
[2019.02.04-16.29.05:940][874]LogModuleManager: Shutting down and abandoning module Slate (202)
[2019.02.04-16.29.05:940][874]LogModuleManager: Shutting down and abandoning module EditorStyle (200)
[2019.02.04-16.29.05:942][874]LogModuleManager: Shutting down and abandoning module MRMesh (198)
[2019.02.04-16.29.05:942][874]LogModuleManager: Shutting down and abandoning module SourceCodeAccess (196)
[2019.02.04-16.29.05:942][874]LogModuleManager: Shutting down and abandoning module HeadMountedDisplay (194)
[2019.02.04-16.29.05:942][874]LogModuleManager: Shutting down and abandoning module XAudio2 (192)
[2019.02.04-16.29.05:942][874]LogModuleManager: Shutting down and abandoning module Networking (190)
[2019.02.04-16.29.05:942][874]LogModuleManager: Shutting down and abandoning module Core (188)
[2019.02.04-16.29.05:942][874]LogModuleManager: Shutting down and abandoning module LevelSequence (186)
[2019.02.04-16.29.05:942][874]LogModuleManager: Shutting down and abandoning module KismetCompiler (184)
[2019.02.04-16.29.05:942][874]LogModuleManager: Shutting down and abandoning module MeshUtilities (182)
[2019.02.04-16.29.05:942][874]LogModuleManager: Shutting down and abandoning module MeshMergeUtilities (181)
[2019.02.04-16.29.05:942][874]LogModuleManager: Shutting down and abandoning module MeshReductionInterface (180)
[2019.02.04-16.29.05:942][874]LogModuleManager: Shutting down and abandoning module SimplygonSwarm (179)
[2019.02.04-16.29.05:942][874]LogModuleManager: Shutting down and abandoning module ProxyLODMeshReduction (177)
[2019.02.04-16.29.05:942][874]LogModuleManager: Shutting down and abandoning module SimplygonMeshReduction (175)
[2019.02.04-16.29.05:942][874]LogModuleManager: Shutting down and abandoning module QuadricMeshReduction (173)
[2019.02.04-16.29.05:942][874]LogModuleManager: Shutting down and abandoning module MaterialBaking (169)
[2019.02.04-16.29.05:942][874]LogModuleManager: Shutting down and abandoning module DirectoryWatcher (165)
[2019.02.04-16.29.05:942][874]LogModuleManager: Shutting down and abandoning module DerivedDataCache (162)
[2019.02.04-16.29.05:976][874]LogDerivedDataCache: Shutdown
[2019.02.04-16.29.05:976][874]LogModuleManager: Shutting down and abandoning module XGEController (160)
[2019.02.04-16.29.05:976][874]LogModuleManager: Shutting down and abandoning module TargetPlatform (158)
[2019.02.04-16.29.05:976][874]LogModuleManager: Shutting down and abandoning module VulkanShaderFormat (157)
[2019.02.04-16.29.05:976][874]LogModuleManager: Shutting down and abandoning module ShaderFormatVectorVM (155)
[2019.02.04-16.29.05:976][874]LogModuleManager: Shutting down and abandoning module ShaderFormatOpenGL (153)
[2019.02.04-16.29.05:976][874]LogModuleManager: Shutting down and abandoning module ShaderFormatD3D (151)
[2019.02.04-16.29.05:976][874]LogModuleManager: Shutting down and abandoning module MetalShaderFormat (149)
[2019.02.04-16.29.05:976][874]LogModuleManager: Shutting down and abandoning module TextureFormatUncompressed (147)
[2019.02.04-16.29.05:976][874]LogModuleManager: Shutting down and abandoning module TextureFormatPVR (145)
[2019.02.04-16.29.05:976][874]LogModuleManager: Shutting down and abandoning module TextureFormatDXT (143)
[2019.02.04-16.29.05:976][874]LogModuleManager: Shutting down and abandoning module TextureFormatIntelISPCTexComp (141)
[2019.02.04-16.29.05:977][874]LogModuleManager: Shutting down and abandoning module TextureFormatASTC (139)
[2019.02.04-16.29.05:977][874]LogModuleManager: Shutting down and abandoning module ImageWrapper (138)
[2019.02.04-16.29.05:977][874]LogModuleManager: Shutting down and abandoning module TextureFormatAndroid (135)
[2019.02.04-16.29.05:977][874]LogModuleManager: Shutting down and abandoning module AudioFormatOpus (133)
[2019.02.04-16.29.05:977][874]LogModuleManager: Shutting down and abandoning module AudioFormatOgg (131)
[2019.02.04-16.29.05:977][874]LogModuleManager: Shutting down and abandoning module AudioFormatADPCM (129)
[2019.02.04-16.29.05:977][874]LogModuleManager: Shutting down and abandoning module LuminTargetPlatform (127)
[2019.02.04-16.29.05:977][874]LogModuleManager: Shutting down and abandoning module LinuxTargetPlatform (125)
[2019.02.04-16.29.05:977][874]LogModuleManager: Shutting down and abandoning module LinuxServerTargetPlatform (123)
[2019.02.04-16.29.05:977][874]LogModuleManager: Shutting down and abandoning module LinuxNoEditorTargetPlatform (121)
[2019.02.04-16.29.05:977][874]LogModuleManager: Shutting down and abandoning module LinuxClientTargetPlatform (119)
[2019.02.04-16.29.05:977][874]LogModuleManager: Shutting down and abandoning module TVOSTargetPlatform (117)
[2019.02.04-16.29.05:977][874]LogModuleManager: Shutting down and abandoning module Messaging (115)
[2019.02.04-16.29.05:977][874]LogModuleManager: Shutting down and abandoning module IOSTargetPlatform (113)
[2019.02.04-16.29.05:978][874]LogModuleManager: Shutting down and abandoning module HTML5TargetPlatform (111)
[2019.02.04-16.29.05:978][874]LogModuleManager: Shutting down and abandoning module AndroidTargetPlatform (109)
[2019.02.04-16.29.05:982][874]LogModuleManager: Shutting down and abandoning module WindowsTargetPlatform (107)
[2019.02.04-16.29.05:982][874]LogModuleManager: Shutting down and abandoning module WindowsServerTargetPlatform (105)
[2019.02.04-16.29.05:982][874]LogModuleManager: Shutting down and abandoning module WindowsNoEditorTargetPlatform (103)
[2019.02.04-16.29.05:982][874]LogModuleManager: Shutting down and abandoning module WindowsClientTargetPlatform (101)
[2019.02.04-16.29.05:982][874]LogModuleManager: Shutting down and abandoning module MacTargetPlatform (99)
[2019.02.04-16.29.05:982][874]LogModuleManager: Shutting down and abandoning module MacServerTargetPlatform (97)
[2019.02.04-16.29.05:982][874]LogModuleManager: Shutting down and abandoning module MacNoEditorTargetPlatform (95)
[2019.02.04-16.29.05:982][874]LogModuleManager: Shutting down and abandoning module MacClientTargetPlatform (93)
[2019.02.04-16.29.05:982][874]LogModuleManager: Shutting down and abandoning module AllDesktopTargetPlatform (91)
[2019.02.04-16.29.05:982][874]LogModuleManager: Shutting down and abandoning module InputCore (88)
[2019.02.04-16.29.05:982][874]LogModuleManager: Shutting down and abandoning module Settings (86)
[2019.02.04-16.29.05:983][874]LogModuleManager: Shutting down and abandoning module PhysXCooking (84)
[2019.02.04-16.29.05:983][874]LogModuleManager: Shutting down and abandoning module SteamVR (82)
[2019.02.04-16.29.05:983][874]LogModuleManager: Shutting down and abandoning module OculusHMD (80)
[2019.02.04-16.29.05:983][874]LogModuleManager: Shutting down and abandoning module ExampleDeviceProfileSelector (78)
[2019.02.04-16.29.05:983][874]LogModuleManager: Shutting down and abandoning module LauncherChunkInstaller (76)
[2019.02.04-16.29.05:983][874]LogModuleManager: Shutting down and abandoning module OnlineBlueprintSupport (74)
[2019.02.04-16.29.05:983][874]LogModuleManager: Shutting down and abandoning module OnlineSubsystem (70)
[2019.02.04-16.29.05:983][874]LogModuleManager: Shutting down and abandoning module XMPP (65)
[2019.02.04-16.29.05:983][874]LogModuleManager: Shutting down and abandoning module WebSockets (64)
[2019.02.04-16.29.05:990][874]LogModuleManager: Shutting down and abandoning module HTTP (61)
[2019.02.04-16.29.05:990][874]LogHttp: Display: Http module shutting down, but needs to wait on 1 outstanding Http requests:
[2019.02.04-16.29.05:990][874]LogHttp: Display: 	verb=[POST] url=[https://datarouter.ol.epicgames.com/datarouter/api/v1/public/data?SessionID=%7B9E86A56E-4598-3088-181C-659F347A78DB%7D&AppID=UEEditor.Rocket.Release&AppVersion=4.20.3-4369336%2B%2B%2BUE4%2BRelease-4.20&UserID=6eb625164aeba2d01abd37a04e78b730%7C69f089caf4a74d59bc76805f98ccf539%7Ce7b110cc-1a49-4b3b-976f-10b06697675e&AppEnvironment=datacollector-binary&UploadType=eteventstream] status=Processing
[2019.02.04-16.29.06:017][874]LogModuleManager: Shutting down and abandoning module SSL (60)
[2019.02.04-16.29.06:018][874]LogModuleManager: Shutting down and abandoning module MagicLeapEmulator (56)
[2019.02.04-16.29.06:018][874]LogModuleManager: Shutting down and abandoning module MagicLeapPrivileges (54)
[2019.02.04-16.29.06:018][874]LogModuleManager: Shutting down and abandoning module MagicLeapIdentity (52)
[2019.02.04-16.29.06:018][874]LogModuleManager: Shutting down and abandoning module MagicLeapHelperVulkan (50)
[2019.02.04-16.29.06:018][874]LogModuleManager: Shutting down and abandoning module MagicLeapHelperOpenGL (48)
[2019.02.04-16.29.06:018][874]LogModuleManager: Shutting down and abandoning module MagicLeapSecureStorage (46)
[2019.02.04-16.29.06:018][874]LogModuleManager: Shutting down and abandoning module MagicLeapGestures (44)
[2019.02.04-16.29.06:018][874]LogModuleManager: Shutting down and abandoning module MagicLeapEyeTracker (42)
[2019.02.04-16.29.06:018][874]LogModuleManager: Shutting down and abandoning module MagicLeapController (40)
[2019.02.04-16.29.06:019][874]LogSlate: Slate User Destroyed.  User Index 0, Is Virtual User: 0
[2019.02.04-16.29.06:020][874]LogModuleManager: Shutting down and abandoning module MagicLeap (38)
[2019.02.04-16.29.06:020][874]LogModuleManager: Shutting down and abandoning module AnimationModifiers (36)
[2019.02.04-16.29.06:020][874]LogModuleManager: Shutting down and abandoning module PropertyEditor (35)
[2019.02.04-16.29.06:020][874]LogModuleManager: Shutting down and abandoning module AudioEditor (32)
[2019.02.04-16.29.06:020][874]LogModuleManager: Shutting down and abandoning module TextureCompressor (30)
[2019.02.04-16.29.06:020][874]LogModuleManager: Shutting down and abandoning module ShaderCore (28)
[2019.02.04-16.29.06:020][874]LogModuleManager: Shutting down and abandoning module Landscape (26)
[2019.02.04-16.29.06:020][874]LogModuleManager: Shutting down and abandoning module SlateRHIRenderer (24)
[2019.02.04-16.29.06:020][874]LogModuleManager: Shutting down and abandoning module OpenGLDrv (22)
[2019.02.04-16.29.06:020][874]LogModuleManager: Shutting down and abandoning module D3D11RHI (20)
[2019.02.04-16.29.06:020][874]LogModuleManager: Shutting down and abandoning module AnimGraphRuntime (18)
[2019.02.04-16.29.06:020][874]LogModuleManager: Shutting down and abandoning module Renderer (16)
[2019.02.04-16.29.06:020][874]LogModuleManager: Shutting down and abandoning module Engine (14)
[2019.02.04-16.29.06:020][874]LogModuleManager: Shutting down and abandoning module CoreUObject (12)
[2019.02.04-16.29.06:020][874]LogModuleManager: Shutting down and abandoning module NetworkFile (10)
[2019.02.04-16.29.06:021][874]LogModuleManager: Shutting down and abandoning module CookedIterativeFile (8)
[2019.02.04-16.29.06:021][874]LogModuleManager: Shutting down and abandoning module StreamingFile (6)
[2019.02.04-16.29.06:021][874]LogModuleManager: Shutting down and abandoning module SandboxFile (4)
[2019.02.04-16.29.06:021][874]LogModuleManager: Shutting down and abandoning module PakFile (2)
[2019.02.04-16.29.06:027][874]LogExit: Exiting.
[2019.02.04-16.29.06:052][874]Log file closed, 02/04/19 09:29:06
